[08-Jun-2025 02:26:18 Europe/Berlin] Processing notifications for user ID: 3
[08-Jun-2025 02:26:18 Europe/Berlin] Operation requested: get_unread_count
[08-Jun-2025 02:26:23 Europe/Berlin] Processing notifications for user ID: 3
[08-Jun-2025 02:26:23 Europe/Berlin] Operation requested: get_unread_count
[08-Jun-2025 02:26:24 Europe/Berlin] Processing notifications for user ID: 3
[08-Jun-2025 02:26:24 Europe/Berlin] Operation requested: get
[08-Jun-2025 02:26:24 Europe/Berlin] Error in get notifications: Table 'library.books' doesn't exist
[08-Jun-2025 02:26:54 Europe/Berlin] Processing notifications for user ID: 3
[08-Jun-2025 02:26:54 Europe/Berlin] Operation requested: get_unread_count
[08-Jun-2025 02:27:24 Europe/Berlin] Processing notifications for user ID: 3
[08-Jun-2025 02:27:24 Europe/Berlin] Operation requested: get_unread_count
[08-Jun-2025 02:27:54 Europe/Berlin] Processing notifications for user ID: 3
[08-Jun-2025 02:27:54 Europe/Berlin] Operation requested: get_unread_count
[08-Jun-2025 02:28:45 Europe/Berlin] Processing notifications for user ID: 3
[08-Jun-2025 02:28:45 Europe/Berlin] Operation requested: get_unread_count
[08-Jun-2025 02:28:47 Europe/Berlin] Processing notifications for user ID: 3
[08-Jun-2025 02:28:47 Europe/Berlin] Operation requested: get
[08-Jun-2025 02:28:47 Europe/Berlin] Error in get notifications: Table 'library.books' doesn't exist
[08-Jun-2025 02:28:50 Europe/Berlin] Processing notifications for user ID: 3
[08-Jun-2025 02:28:50 Europe/Berlin] Operation requested: get
[08-Jun-2025 02:28:50 Europe/Berlin] Error in get notifications: Table 'library.books' doesn't exist
[08-Jun-2025 02:29:16 Europe/Berlin] Processing notifications for user ID: 3
[08-Jun-2025 02:29:16 Europe/Berlin] Operation requested: get_unread_count
[08-Jun-2025 02:29:46 Europe/Berlin] Processing notifications for user ID: 3
[08-Jun-2025 02:29:46 Europe/Berlin] Operation requested: get_unread_count
[08-Jun-2025 02:30:16 Europe/Berlin] Processing notifications for user ID: 3
[08-Jun-2025 02:30:16 Europe/Berlin] Operation requested: get_unread_count
[08-Jun-2025 02:30:34 Europe/Berlin] Processing notifications for user ID: 3
[08-Jun-2025 02:30:34 Europe/Berlin] Operation requested: get_unread_count
[08-Jun-2025 02:30:36 Europe/Berlin] Processing notifications for user ID: 3
[08-Jun-2025 02:30:36 Europe/Berlin] Operation requested: get
[08-Jun-2025 02:30:36 Europe/Berlin] Error in get notifications: Table 'library.books' doesn't exist
[08-Jun-2025 02:31:05 Europe/Berlin] Processing notifications for user ID: 3
[08-Jun-2025 02:31:05 Europe/Berlin] Operation requested: get_unread_count
[08-Jun-2025 02:31:35 Europe/Berlin] Processing notifications for user ID: 3
[08-Jun-2025 02:31:35 Europe/Berlin] Operation requested: get_unread_count
[08-Jun-2025 02:32:05 Europe/Berlin] Processing notifications for user ID: 3
[08-Jun-2025 02:32:05 Europe/Berlin] Operation requested: get_unread_count
[08-Jun-2025 02:32:35 Europe/Berlin] Processing notifications for user ID: 3
[08-Jun-2025 02:32:35 Europe/Berlin] Operation requested: get_unread_count
[08-Jun-2025 02:33:05 Europe/Berlin] Processing notifications for user ID: 3
[08-Jun-2025 02:33:05 Europe/Berlin] Operation requested: get_unread_count
[08-Jun-2025 02:33:35 Europe/Berlin] Processing notifications for user ID: 3
[08-Jun-2025 02:33:35 Europe/Berlin] Operation requested: get_unread_count
[08-Jun-2025 02:34:06 Europe/Berlin] Processing notifications for user ID: 3
[08-Jun-2025 02:34:06 Europe/Berlin] Operation requested: get_unread_count
[08-Jun-2025 02:35:03 Europe/Berlin] Processing notifications for user ID: 3
[08-Jun-2025 02:35:03 Europe/Berlin] Operation requested: get_unread_count
[08-Jun-2025 02:35:35 Europe/Berlin] Processing notifications for user ID: 3
[08-Jun-2025 02:35:35 Europe/Berlin] Operation requested: get_unread_count
[08-Jun-2025 02:36:05 Europe/Berlin] Processing notifications for user ID: 3
[08-Jun-2025 02:36:05 Europe/Berlin] Operation requested: get_unread_count
[08-Jun-2025 02:37:06 Europe/Berlin] Processing notifications for user ID: 3
[08-Jun-2025 02:37:06 Europe/Berlin] Operation requested: get_unread_count
[08-Jun-2025 02:38:07 Europe/Berlin] Processing notifications for user ID: 3
[08-Jun-2025 02:38:07 Europe/Berlin] Operation requested: get_unread_count
[08-Jun-2025 02:39:08 Europe/Berlin] Processing notifications for user ID: 3
[08-Jun-2025 02:39:08 Europe/Berlin] Operation requested: get_unread_count
[08-Jun-2025 02:40:09 Europe/Berlin] Processing notifications for user ID: 3
[08-Jun-2025 02:40:09 Europe/Berlin] Operation requested: get_unread_count
[08-Jun-2025 02:41:09 Europe/Berlin] Processing notifications for user ID: 3
[08-Jun-2025 02:41:09 Europe/Berlin] Operation requested: get_unread_count
[08-Jun-2025 02:42:09 Europe/Berlin] Processing notifications for user ID: 3
[08-Jun-2025 02:42:09 Europe/Berlin] Operation requested: get_unread_count
[08-Jun-2025 02:42:35 Europe/Berlin] Processing notifications for user ID: 3
[08-Jun-2025 02:42:35 Europe/Berlin] Operation requested: get_unread_count
[08-Jun-2025 02:42:50 Europe/Berlin] Processing notifications for user ID: 3
[08-Jun-2025 02:42:50 Europe/Berlin] Operation requested: get
[08-Jun-2025 02:42:50 Europe/Berlin] Error in get notifications: Table 'library.books' doesn't exist
[08-Jun-2025 02:43:04 Europe/Berlin] Processing notifications for user ID: 3
[08-Jun-2025 02:43:04 Europe/Berlin] Operation requested: get_unread_count
[08-Jun-2025 02:43:35 Europe/Berlin] Processing notifications for user ID: 3
[08-Jun-2025 02:43:35 Europe/Berlin] Operation requested: get_unread_count
[08-Jun-2025 02:44:05 Europe/Berlin] Processing notifications for user ID: 3
[08-Jun-2025 02:44:05 Europe/Berlin] Operation requested: get_unread_count
[08-Jun-2025 02:45:09 Europe/Berlin] Processing notifications for user ID: 3
[08-Jun-2025 02:45:09 Europe/Berlin] Operation requested: get_unread_count
[08-Jun-2025 02:45:15 Europe/Berlin] Processing notifications for user ID: 3
[08-Jun-2025 02:45:15 Europe/Berlin] Operation requested: get_unread_count
[08-Jun-2025 02:45:15 Europe/Berlin] Processing notifications for user ID: 3
[08-Jun-2025 02:45:15 Europe/Berlin] Operation requested: get
[08-Jun-2025 02:45:15 Europe/Berlin] Formatting message for type: borrow_approved
[08-Jun-2025 02:45:15 Europe/Berlin] Processing notification: {"id":4,"user_id":3,"type":"borrow_approved","message":"Your request to borrow \"The Stranger\" has been approved.","book_id":142,"is_read":0,"created_at":"2025-06-08 08:42:26","book_title":"The Stranger"}
[08-Jun-2025 02:45:15 Europe/Berlin] Formatting message for type: return
[08-Jun-2025 02:45:15 Europe/Berlin] Processing notification: {"id":3,"user_id":3,"type":"return","message":"Your overdue book \"To Kill a Mockingbird\" has been marked as paid and returned.","book_id":136,"is_read":0,"created_at":"2025-06-08 08:14:30","book_title":"To Kill a Mockingbird"}
[08-Jun-2025 02:45:15 Europe/Berlin] Formatting message for type: return
[08-Jun-2025 02:45:15 Europe/Berlin] Processing notification: {"id":2,"user_id":3,"type":"return","message":"Your overdue book \"1984\" has been marked as paid and returned.","book_id":137,"is_read":0,"created_at":"2025-06-08 08:13:38","book_title":"1984"}
[08-Jun-2025 02:45:15 Europe/Berlin] Formatting message for type: return
[08-Jun-2025 02:45:15 Europe/Berlin] Processing notification: {"id":1,"user_id":3,"type":"return","message":"Your overdue book \"The Great Gatsby\" has been marked as paid and returned.","book_id":135,"is_read":0,"created_at":"2025-06-08 08:12:23","book_title":"The Great Gatsby"}
[08-Jun-2025 02:45:15 Europe/Berlin] Found 4 notifications
[08-Jun-2025 02:45:45 Europe/Berlin] Processing notifications for user ID: 3
[08-Jun-2025 02:45:45 Europe/Berlin] Operation requested: get_unread_count
[08-Jun-2025 02:46:15 Europe/Berlin] Processing notifications for user ID: 3
[08-Jun-2025 02:46:15 Europe/Berlin] Operation requested: get_unread_count
[08-Jun-2025 02:46:30 Europe/Berlin] Processing notifications for user ID: 3
[08-Jun-2025 02:46:30 Europe/Berlin] Operation requested: get_unread_count
[08-Jun-2025 02:46:31 Europe/Berlin] Processing notifications for user ID: 3
[08-Jun-2025 02:46:31 Europe/Berlin] Operation requested: get
[08-Jun-2025 02:46:31 Europe/Berlin] Formatting message for type: borrow_approved
[08-Jun-2025 02:46:31 Europe/Berlin] Processing notification: {"id":4,"user_id":3,"type":"borrow_approved","message":"Your request to borrow \"The Stranger\" has been approved.","book_id":142,"is_read":0,"created_at":"2025-06-08 08:42:26","book_title":"The Stranger"}
[08-Jun-2025 02:46:31 Europe/Berlin] Formatting message for type: return
[08-Jun-2025 02:46:31 Europe/Berlin] Processing notification: {"id":3,"user_id":3,"type":"return","message":"Your overdue book \"To Kill a Mockingbird\" has been marked as paid and returned.","book_id":136,"is_read":0,"created_at":"2025-06-08 08:14:30","book_title":"To Kill a Mockingbird"}
[08-Jun-2025 02:46:31 Europe/Berlin] Formatting message for type: return
[08-Jun-2025 02:46:31 Europe/Berlin] Processing notification: {"id":2,"user_id":3,"type":"return","message":"Your overdue book \"1984\" has been marked as paid and returned.","book_id":137,"is_read":0,"created_at":"2025-06-08 08:13:38","book_title":"1984"}
[08-Jun-2025 02:46:31 Europe/Berlin] Formatting message for type: return
[08-Jun-2025 02:46:31 Europe/Berlin] Processing notification: {"id":1,"user_id":3,"type":"return","message":"Your overdue book \"The Great Gatsby\" has been marked as paid and returned.","book_id":135,"is_read":0,"created_at":"2025-06-08 08:12:23","book_title":"The Great Gatsby"}
[08-Jun-2025 02:46:31 Europe/Berlin] Found 4 notifications
[08-Jun-2025 02:47:00 Europe/Berlin] Processing notifications for user ID: 3
[08-Jun-2025 02:47:00 Europe/Berlin] Operation requested: get_unread_count
[08-Jun-2025 02:47:08 Europe/Berlin] Processing notifications for user ID: 3
[08-Jun-2025 02:47:08 Europe/Berlin] Operation requested: get_unread_count
[08-Jun-2025 02:47:08 Europe/Berlin] Processing notifications for user ID: 3
[08-Jun-2025 02:47:08 Europe/Berlin] Operation requested: get
[08-Jun-2025 02:47:08 Europe/Berlin] Formatting message for type: borrow_approved
[08-Jun-2025 02:47:08 Europe/Berlin] Processing notification: {"id":4,"user_id":3,"type":"borrow_approved","message":"Your request to borrow \"The Stranger\" has been approved.","book_id":142,"is_read":0,"created_at":"2025-06-08 08:42:26","book_title":"The Stranger"}
[08-Jun-2025 02:47:08 Europe/Berlin] Formatting message for type: return
[08-Jun-2025 02:47:08 Europe/Berlin] Processing notification: {"id":3,"user_id":3,"type":"return","message":"Your overdue book \"To Kill a Mockingbird\" has been marked as paid and returned.","book_id":136,"is_read":0,"created_at":"2025-06-08 08:14:30","book_title":"To Kill a Mockingbird"}
[08-Jun-2025 02:47:08 Europe/Berlin] Formatting message for type: return
[08-Jun-2025 02:47:08 Europe/Berlin] Processing notification: {"id":2,"user_id":3,"type":"return","message":"Your overdue book \"1984\" has been marked as paid and returned.","book_id":137,"is_read":0,"created_at":"2025-06-08 08:13:38","book_title":"1984"}
[08-Jun-2025 02:47:08 Europe/Berlin] Formatting message for type: return
[08-Jun-2025 02:47:08 Europe/Berlin] Processing notification: {"id":1,"user_id":3,"type":"return","message":"Your overdue book \"The Great Gatsby\" has been marked as paid and returned.","book_id":135,"is_read":0,"created_at":"2025-06-08 08:12:23","book_title":"The Great Gatsby"}
[08-Jun-2025 02:47:08 Europe/Berlin] Found 4 notifications
[08-Jun-2025 02:47:25 Europe/Berlin] Processing notifications for user ID: 3
[08-Jun-2025 02:47:25 Europe/Berlin] Operation requested: get
[08-Jun-2025 02:47:25 Europe/Berlin] Formatting message for type: borrow_approved
[08-Jun-2025 02:47:25 Europe/Berlin] Processing notification: {"id":4,"user_id":3,"type":"borrow_approved","message":"Your request to borrow \"The Stranger\" has been approved.","book_id":142,"is_read":0,"created_at":"2025-06-08 08:42:26","book_title":"The Stranger"}
[08-Jun-2025 02:47:25 Europe/Berlin] Formatting message for type: return
[08-Jun-2025 02:47:25 Europe/Berlin] Processing notification: {"id":3,"user_id":3,"type":"return","message":"Your overdue book \"To Kill a Mockingbird\" has been marked as paid and returned.","book_id":136,"is_read":0,"created_at":"2025-06-08 08:14:30","book_title":"To Kill a Mockingbird"}
[08-Jun-2025 02:47:25 Europe/Berlin] Formatting message for type: return
[08-Jun-2025 02:47:25 Europe/Berlin] Processing notification: {"id":2,"user_id":3,"type":"return","message":"Your overdue book \"1984\" has been marked as paid and returned.","book_id":137,"is_read":0,"created_at":"2025-06-08 08:13:38","book_title":"1984"}
[08-Jun-2025 02:47:25 Europe/Berlin] Formatting message for type: return
[08-Jun-2025 02:47:25 Europe/Berlin] Processing notification: {"id":1,"user_id":3,"type":"return","message":"Your overdue book \"The Great Gatsby\" has been marked as paid and returned.","book_id":135,"is_read":0,"created_at":"2025-06-08 08:12:23","book_title":"The Great Gatsby"}
[08-Jun-2025 02:47:25 Europe/Berlin] Found 4 notifications
[08-Jun-2025 02:47:29 Europe/Berlin] Processing notifications for user ID: 3
[08-Jun-2025 02:47:29 Europe/Berlin] Operation requested: mark_read
[08-Jun-2025 02:47:29 Europe/Berlin] Processing notifications for user ID: 3
[08-Jun-2025 02:47:29 Europe/Berlin] Operation requested: get
[08-Jun-2025 02:47:29 Europe/Berlin] Formatting message for type: borrow_approved
[08-Jun-2025 02:47:29 Europe/Berlin] Processing notification: {"id":4,"user_id":3,"type":"borrow_approved","message":"Your request to borrow \"The Stranger\" has been approved.","book_id":142,"is_read":0,"created_at":"2025-06-08 08:42:26","book_title":"The Stranger"}
[08-Jun-2025 02:47:29 Europe/Berlin] Formatting message for type: return
[08-Jun-2025 02:47:29 Europe/Berlin] Processing notification: {"id":3,"user_id":3,"type":"return","message":"Your overdue book \"To Kill a Mockingbird\" has been marked as paid and returned.","book_id":136,"is_read":0,"created_at":"2025-06-08 08:14:30","book_title":"To Kill a Mockingbird"}
[08-Jun-2025 02:47:29 Europe/Berlin] Formatting message for type: return
[08-Jun-2025 02:47:29 Europe/Berlin] Processing notification: {"id":2,"user_id":3,"type":"return","message":"Your overdue book \"1984\" has been marked as paid and returned.","book_id":137,"is_read":0,"created_at":"2025-06-08 08:13:38","book_title":"1984"}
[08-Jun-2025 02:47:29 Europe/Berlin] Formatting message for type: return
[08-Jun-2025 02:47:29 Europe/Berlin] Processing notification: {"id":1,"user_id":3,"type":"return","message":"Your overdue book \"The Great Gatsby\" has been marked as paid and returned.","book_id":135,"is_read":1,"created_at":"2025-06-08 08:12:23","book_title":"The Great Gatsby"}
[08-Jun-2025 02:47:29 Europe/Berlin] Found 4 notifications
[08-Jun-2025 02:47:33 Europe/Berlin] Processing notifications for user ID: 3
[08-Jun-2025 02:47:33 Europe/Berlin] Operation requested: get
[08-Jun-2025 02:47:33 Europe/Berlin] Formatting message for type: borrow_approved
[08-Jun-2025 02:47:33 Europe/Berlin] Processing notification: {"id":4,"user_id":3,"type":"borrow_approved","message":"Your request to borrow \"The Stranger\" has been approved.","book_id":142,"is_read":0,"created_at":"2025-06-08 08:42:26","book_title":"The Stranger"}
[08-Jun-2025 02:47:33 Europe/Berlin] Formatting message for type: return
[08-Jun-2025 02:47:33 Europe/Berlin] Processing notification: {"id":3,"user_id":3,"type":"return","message":"Your overdue book \"To Kill a Mockingbird\" has been marked as paid and returned.","book_id":136,"is_read":0,"created_at":"2025-06-08 08:14:30","book_title":"To Kill a Mockingbird"}
[08-Jun-2025 02:47:33 Europe/Berlin] Formatting message for type: return
[08-Jun-2025 02:47:33 Europe/Berlin] Processing notification: {"id":2,"user_id":3,"type":"return","message":"Your overdue book \"1984\" has been marked as paid and returned.","book_id":137,"is_read":0,"created_at":"2025-06-08 08:13:38","book_title":"1984"}
[08-Jun-2025 02:47:33 Europe/Berlin] Formatting message for type: return
[08-Jun-2025 02:47:33 Europe/Berlin] Processing notification: {"id":1,"user_id":3,"type":"return","message":"Your overdue book \"The Great Gatsby\" has been marked as paid and returned.","book_id":135,"is_read":1,"created_at":"2025-06-08 08:12:23","book_title":"The Great Gatsby"}
[08-Jun-2025 02:47:33 Europe/Berlin] Found 4 notifications
[08-Jun-2025 02:47:38 Europe/Berlin] Processing notifications for user ID: 3
[08-Jun-2025 02:47:38 Europe/Berlin] Operation requested: get_unread_count
[08-Jun-2025 02:47:41 Europe/Berlin] Processing notifications for user ID: 3
[08-Jun-2025 02:47:41 Europe/Berlin] Operation requested: get_unread_count
[08-Jun-2025 02:47:42 Europe/Berlin] Processing notifications for user ID: 3
[08-Jun-2025 02:47:42 Europe/Berlin] Operation requested: get
[08-Jun-2025 02:47:42 Europe/Berlin] Formatting message for type: borrow_approved
[08-Jun-2025 02:47:42 Europe/Berlin] Processing notification: {"id":4,"user_id":3,"type":"borrow_approved","message":"Your request to borrow \"The Stranger\" has been approved.","book_id":142,"is_read":0,"created_at":"2025-06-08 08:42:26","book_title":"The Stranger"}
[08-Jun-2025 02:47:42 Europe/Berlin] Formatting message for type: return
[08-Jun-2025 02:47:42 Europe/Berlin] Processing notification: {"id":3,"user_id":3,"type":"return","message":"Your overdue book \"To Kill a Mockingbird\" has been marked as paid and returned.","book_id":136,"is_read":0,"created_at":"2025-06-08 08:14:30","book_title":"To Kill a Mockingbird"}
[08-Jun-2025 02:47:42 Europe/Berlin] Formatting message for type: return
[08-Jun-2025 02:47:42 Europe/Berlin] Processing notification: {"id":2,"user_id":3,"type":"return","message":"Your overdue book \"1984\" has been marked as paid and returned.","book_id":137,"is_read":0,"created_at":"2025-06-08 08:13:38","book_title":"1984"}
[08-Jun-2025 02:47:42 Europe/Berlin] Formatting message for type: return
[08-Jun-2025 02:47:42 Europe/Berlin] Processing notification: {"id":1,"user_id":3,"type":"return","message":"Your overdue book \"The Great Gatsby\" has been marked as paid and returned.","book_id":135,"is_read":1,"created_at":"2025-06-08 08:12:23","book_title":"The Great Gatsby"}
[08-Jun-2025 02:47:42 Europe/Berlin] Found 4 notifications
[08-Jun-2025 02:47:46 Europe/Berlin] Processing notifications for user ID: 3
[08-Jun-2025 02:47:46 Europe/Berlin] Operation requested: mark_read
[08-Jun-2025 02:47:46 Europe/Berlin] Processing notifications for user ID: 3
[08-Jun-2025 02:47:46 Europe/Berlin] Operation requested: get
[08-Jun-2025 02:47:46 Europe/Berlin] Formatting message for type: borrow_approved
[08-Jun-2025 02:47:46 Europe/Berlin] Processing notification: {"id":4,"user_id":3,"type":"borrow_approved","message":"Your request to borrow \"The Stranger\" has been approved.","book_id":142,"is_read":1,"created_at":"2025-06-08 08:42:26","book_title":"The Stranger"}
[08-Jun-2025 02:47:46 Europe/Berlin] Formatting message for type: return
[08-Jun-2025 02:47:46 Europe/Berlin] Processing notification: {"id":3,"user_id":3,"type":"return","message":"Your overdue book \"To Kill a Mockingbird\" has been marked as paid and returned.","book_id":136,"is_read":0,"created_at":"2025-06-08 08:14:30","book_title":"To Kill a Mockingbird"}
[08-Jun-2025 02:47:46 Europe/Berlin] Formatting message for type: return
[08-Jun-2025 02:47:46 Europe/Berlin] Processing notification: {"id":2,"user_id":3,"type":"return","message":"Your overdue book \"1984\" has been marked as paid and returned.","book_id":137,"is_read":0,"created_at":"2025-06-08 08:13:38","book_title":"1984"}
[08-Jun-2025 02:47:46 Europe/Berlin] Formatting message for type: return
[08-Jun-2025 02:47:46 Europe/Berlin] Processing notification: {"id":1,"user_id":3,"type":"return","message":"Your overdue book \"The Great Gatsby\" has been marked as paid and returned.","book_id":135,"is_read":1,"created_at":"2025-06-08 08:12:23","book_title":"The Great Gatsby"}
[08-Jun-2025 02:47:46 Europe/Berlin] Found 4 notifications
[08-Jun-2025 02:47:49 Europe/Berlin] Processing notifications for user ID: 3
[08-Jun-2025 02:47:49 Europe/Berlin] Operation requested: get
[08-Jun-2025 02:47:49 Europe/Berlin] Formatting message for type: borrow_approved
[08-Jun-2025 02:47:49 Europe/Berlin] Processing notification: {"id":4,"user_id":3,"type":"borrow_approved","message":"Your request to borrow \"The Stranger\" has been approved.","book_id":142,"is_read":1,"created_at":"2025-06-08 08:42:26","book_title":"The Stranger"}
[08-Jun-2025 02:47:49 Europe/Berlin] Formatting message for type: return
[08-Jun-2025 02:47:49 Europe/Berlin] Processing notification: {"id":3,"user_id":3,"type":"return","message":"Your overdue book \"To Kill a Mockingbird\" has been marked as paid and returned.","book_id":136,"is_read":0,"created_at":"2025-06-08 08:14:30","book_title":"To Kill a Mockingbird"}
[08-Jun-2025 02:47:49 Europe/Berlin] Formatting message for type: return
[08-Jun-2025 02:47:49 Europe/Berlin] Processing notification: {"id":2,"user_id":3,"type":"return","message":"Your overdue book \"1984\" has been marked as paid and returned.","book_id":137,"is_read":0,"created_at":"2025-06-08 08:13:38","book_title":"1984"}
[08-Jun-2025 02:47:49 Europe/Berlin] Formatting message for type: return
[08-Jun-2025 02:47:49 Europe/Berlin] Processing notification: {"id":1,"user_id":3,"type":"return","message":"Your overdue book \"The Great Gatsby\" has been marked as paid and returned.","book_id":135,"is_read":1,"created_at":"2025-06-08 08:12:23","book_title":"The Great Gatsby"}
[08-Jun-2025 02:47:49 Europe/Berlin] Found 4 notifications
[08-Jun-2025 02:48:12 Europe/Berlin] Processing notifications for user ID: 3
[08-Jun-2025 02:48:12 Europe/Berlin] Operation requested: get_unread_count
[08-Jun-2025 02:48:42 Europe/Berlin] Processing notifications for user ID: 3
[08-Jun-2025 02:48:42 Europe/Berlin] Operation requested: get_unread_count
[08-Jun-2025 02:48:54 Europe/Berlin] Processing notifications for user ID: 3
[08-Jun-2025 02:48:54 Europe/Berlin] Operation requested: get_unread_count
[08-Jun-2025 02:48:56 Europe/Berlin] Processing notifications for user ID: 3
[08-Jun-2025 02:48:56 Europe/Berlin] Operation requested: get
[08-Jun-2025 02:48:56 Europe/Berlin] Formatting message for type: borrow_approved
[08-Jun-2025 02:48:56 Europe/Berlin] Processing notification: {"id":4,"user_id":3,"type":"borrow_approved","message":"Your request to borrow \"The Stranger\" has been approved.","book_id":142,"is_read":1,"created_at":"2025-06-08 08:42:26","book_title":"The Stranger"}
[08-Jun-2025 02:48:56 Europe/Berlin] Formatting message for type: return
[08-Jun-2025 02:48:56 Europe/Berlin] Processing notification: {"id":3,"user_id":3,"type":"return","message":"Your overdue book \"To Kill a Mockingbird\" has been marked as paid and returned.","book_id":136,"is_read":0,"created_at":"2025-06-08 08:14:30","book_title":"To Kill a Mockingbird"}
[08-Jun-2025 02:48:56 Europe/Berlin] Formatting message for type: return
[08-Jun-2025 02:48:56 Europe/Berlin] Processing notification: {"id":2,"user_id":3,"type":"return","message":"Your overdue book \"1984\" has been marked as paid and returned.","book_id":137,"is_read":0,"created_at":"2025-06-08 08:13:38","book_title":"1984"}
[08-Jun-2025 02:48:56 Europe/Berlin] Formatting message for type: return
[08-Jun-2025 02:48:56 Europe/Berlin] Processing notification: {"id":1,"user_id":3,"type":"return","message":"Your overdue book \"The Great Gatsby\" has been marked as paid and returned.","book_id":135,"is_read":1,"created_at":"2025-06-08 08:12:23","book_title":"The Great Gatsby"}
[08-Jun-2025 02:48:56 Europe/Berlin] Found 4 notifications
[08-Jun-2025 02:49:25 Europe/Berlin] Processing notifications for user ID: 3
[08-Jun-2025 02:49:25 Europe/Berlin] Operation requested: get_unread_count
[08-Jun-2025 02:49:51 Europe/Berlin] Processing notifications for user ID: 3
[08-Jun-2025 02:49:51 Europe/Berlin] Operation requested: get_unread_count
[08-Jun-2025 02:49:52 Europe/Berlin] Processing notifications for user ID: 3
[08-Jun-2025 02:49:52 Europe/Berlin] Operation requested: get
[08-Jun-2025 02:49:52 Europe/Berlin] Formatting message for type: borrow_approved
[08-Jun-2025 02:49:52 Europe/Berlin] Processing notification: {"id":4,"user_id":3,"type":"borrow_approved","message":"Your request to borrow \"The Stranger\" has been approved.","book_id":142,"is_read":1,"created_at":"2025-06-08 08:42:26","book_title":"The Stranger"}
[08-Jun-2025 02:49:52 Europe/Berlin] Formatting message for type: return
[08-Jun-2025 02:49:52 Europe/Berlin] Processing notification: {"id":3,"user_id":3,"type":"return","message":"Your overdue book \"To Kill a Mockingbird\" has been marked as paid and returned.","book_id":136,"is_read":0,"created_at":"2025-06-08 08:14:30","book_title":"To Kill a Mockingbird"}
[08-Jun-2025 02:49:52 Europe/Berlin] Formatting message for type: return
[08-Jun-2025 02:49:52 Europe/Berlin] Processing notification: {"id":2,"user_id":3,"type":"return","message":"Your overdue book \"1984\" has been marked as paid and returned.","book_id":137,"is_read":0,"created_at":"2025-06-08 08:13:38","book_title":"1984"}
[08-Jun-2025 02:49:52 Europe/Berlin] Formatting message for type: return
[08-Jun-2025 02:49:52 Europe/Berlin] Processing notification: {"id":1,"user_id":3,"type":"return","message":"Your overdue book \"The Great Gatsby\" has been marked as paid and returned.","book_id":135,"is_read":1,"created_at":"2025-06-08 08:12:23","book_title":"The Great Gatsby"}
[08-Jun-2025 02:49:52 Europe/Berlin] Found 4 notifications
[08-Jun-2025 02:50:22 Europe/Berlin] Processing notifications for user ID: 3
[08-Jun-2025 02:50:22 Europe/Berlin] Operation requested: get_unread_count
[08-Jun-2025 02:50:52 Europe/Berlin] Processing notifications for user ID: 3
[08-Jun-2025 02:50:52 Europe/Berlin] Operation requested: get_unread_count
[08-Jun-2025 02:51:22 Europe/Berlin] Processing notifications for user ID: 3
[08-Jun-2025 02:51:22 Europe/Berlin] Operation requested: get_unread_count
[08-Jun-2025 02:51:52 Europe/Berlin] Processing notifications for user ID: 3
[08-Jun-2025 02:51:52 Europe/Berlin] Operation requested: get_unread_count
[08-Jun-2025 02:52:00 Europe/Berlin] Processing notifications for user ID: 3
[08-Jun-2025 02:52:00 Europe/Berlin] Operation requested: get_unread_count
[08-Jun-2025 02:52:01 Europe/Berlin] Processing notifications for user ID: 3
[08-Jun-2025 02:52:01 Europe/Berlin] Operation requested: get
[08-Jun-2025 02:52:01 Europe/Berlin] Formatting message for type: borrow_approved
[08-Jun-2025 02:52:01 Europe/Berlin] Processing notification: {"id":4,"user_id":3,"type":"borrow_approved","message":"Your request to borrow \"The Stranger\" has been approved.","book_id":142,"is_read":1,"created_at":"2025-06-08 08:42:26","book_title":"The Stranger"}
[08-Jun-2025 02:52:01 Europe/Berlin] Formatting message for type: return
[08-Jun-2025 02:52:01 Europe/Berlin] Processing notification: {"id":3,"user_id":3,"type":"return","message":"Your overdue book \"To Kill a Mockingbird\" has been marked as paid and returned.","book_id":136,"is_read":0,"created_at":"2025-06-08 08:14:30","book_title":"To Kill a Mockingbird"}
[08-Jun-2025 02:52:01 Europe/Berlin] Formatting message for type: return
[08-Jun-2025 02:52:01 Europe/Berlin] Processing notification: {"id":2,"user_id":3,"type":"return","message":"Your overdue book \"1984\" has been marked as paid and returned.","book_id":137,"is_read":0,"created_at":"2025-06-08 08:13:38","book_title":"1984"}
[08-Jun-2025 02:52:01 Europe/Berlin] Formatting message for type: return
[08-Jun-2025 02:52:01 Europe/Berlin] Processing notification: {"id":1,"user_id":3,"type":"return","message":"Your overdue book \"The Great Gatsby\" has been marked as paid and returned.","book_id":135,"is_read":1,"created_at":"2025-06-08 08:12:23","book_title":"The Great Gatsby"}
[08-Jun-2025 02:52:01 Europe/Berlin] Found 4 notifications
[08-Jun-2025 02:52:31 Europe/Berlin] Processing notifications for user ID: 3
[08-Jun-2025 02:52:31 Europe/Berlin] Operation requested: get_unread_count
[08-Jun-2025 02:53:01 Europe/Berlin] Processing notifications for user ID: 3
[08-Jun-2025 02:53:01 Europe/Berlin] Operation requested: get_unread_count
[08-Jun-2025 02:53:31 Europe/Berlin] Processing notifications for user ID: 3
[08-Jun-2025 02:53:31 Europe/Berlin] Operation requested: get_unread_count
[08-Jun-2025 02:53:42 Europe/Berlin] Processing notifications for user ID: 3
[08-Jun-2025 02:53:42 Europe/Berlin] Operation requested: get_unread_count
[08-Jun-2025 02:53:43 Europe/Berlin] Processing notifications for user ID: 3
[08-Jun-2025 02:53:43 Europe/Berlin] Operation requested: get
[08-Jun-2025 02:53:43 Europe/Berlin] Formatting message for type: borrow_approved
[08-Jun-2025 02:53:43 Europe/Berlin] Processing notification: {"id":4,"user_id":3,"type":"borrow_approved","message":"Your request to borrow \"The Stranger\" has been approved.","book_id":142,"is_read":1,"created_at":"2025-06-08 08:42:26","book_title":"The Stranger"}
[08-Jun-2025 02:53:43 Europe/Berlin] Formatting message for type: return
[08-Jun-2025 02:53:43 Europe/Berlin] Processing notification: {"id":3,"user_id":3,"type":"return","message":"Your overdue book \"To Kill a Mockingbird\" has been marked as paid and returned.","book_id":136,"is_read":0,"created_at":"2025-06-08 08:14:30","book_title":"To Kill a Mockingbird"}
[08-Jun-2025 02:53:43 Europe/Berlin] Formatting message for type: return
[08-Jun-2025 02:53:43 Europe/Berlin] Processing notification: {"id":2,"user_id":3,"type":"return","message":"Your overdue book \"1984\" has been marked as paid and returned.","book_id":137,"is_read":0,"created_at":"2025-06-08 08:13:38","book_title":"1984"}
[08-Jun-2025 02:53:43 Europe/Berlin] Formatting message for type: return
[08-Jun-2025 02:53:43 Europe/Berlin] Processing notification: {"id":1,"user_id":3,"type":"return","message":"Your overdue book \"The Great Gatsby\" has been marked as paid and returned.","book_id":135,"is_read":1,"created_at":"2025-06-08 08:12:23","book_title":"The Great Gatsby"}
[08-Jun-2025 02:53:43 Europe/Berlin] Found 4 notifications
[08-Jun-2025 02:54:13 Europe/Berlin] Processing notifications for user ID: 3
[08-Jun-2025 02:54:13 Europe/Berlin] Operation requested: get_unread_count
[08-Jun-2025 02:54:22 Europe/Berlin] Processing notifications for user ID: 3
[08-Jun-2025 02:54:22 Europe/Berlin] Operation requested: get_unread_count
[08-Jun-2025 02:54:23 Europe/Berlin] Processing notifications for user ID: 3
[08-Jun-2025 02:54:23 Europe/Berlin] Operation requested: get
[08-Jun-2025 02:54:23 Europe/Berlin] Formatting message for type: borrow_approved
[08-Jun-2025 02:54:23 Europe/Berlin] Processing notification: {"id":6,"user_id":3,"type":"borrow_approved","message":"Your request to borrow \"Dogeaters\" has been approved.","book_id":132,"is_read":0,"created_at":"2025-06-08 08:54:19","book_title":"Dogeaters"}
[08-Jun-2025 02:54:23 Europe/Berlin] Formatting message for type: borrow_rejected
[08-Jun-2025 02:54:23 Europe/Berlin] Processing notification: {"id":5,"user_id":3,"type":"borrow_rejected","message":"Your request to borrow \"Things Fall Apart\" has been rejected. Reason: Already Borrowed","book_id":141,"is_read":0,"created_at":"2025-06-08 08:54:13","book_title":"Things Fall Apart"}
[08-Jun-2025 02:54:23 Europe/Berlin] Formatting message for type: borrow_approved
[08-Jun-2025 02:54:23 Europe/Berlin] Processing notification: {"id":4,"user_id":3,"type":"borrow_approved","message":"Your request to borrow \"The Stranger\" has been approved.","book_id":142,"is_read":1,"created_at":"2025-06-08 08:42:26","book_title":"The Stranger"}
[08-Jun-2025 02:54:23 Europe/Berlin] Formatting message for type: return
[08-Jun-2025 02:54:23 Europe/Berlin] Processing notification: {"id":3,"user_id":3,"type":"return","message":"Your overdue book \"To Kill a Mockingbird\" has been marked as paid and returned.","book_id":136,"is_read":0,"created_at":"2025-06-08 08:14:30","book_title":"To Kill a Mockingbird"}
[08-Jun-2025 02:54:23 Europe/Berlin] Formatting message for type: return
[08-Jun-2025 02:54:23 Europe/Berlin] Processing notification: {"id":2,"user_id":3,"type":"return","message":"Your overdue book \"1984\" has been marked as paid and returned.","book_id":137,"is_read":0,"created_at":"2025-06-08 08:13:38","book_title":"1984"}
[08-Jun-2025 02:54:23 Europe/Berlin] Formatting message for type: return
[08-Jun-2025 02:54:23 Europe/Berlin] Processing notification: {"id":1,"user_id":3,"type":"return","message":"Your overdue book \"The Great Gatsby\" has been marked as paid and returned.","book_id":135,"is_read":1,"created_at":"2025-06-08 08:12:23","book_title":"The Great Gatsby"}
[08-Jun-2025 02:54:23 Europe/Berlin] Found 6 notifications
[08-Jun-2025 02:54:53 Europe/Berlin] Processing notifications for user ID: 3
[08-Jun-2025 02:54:53 Europe/Berlin] Operation requested: get_unread_count
[08-Jun-2025 02:55:23 Europe/Berlin] Processing notifications for user ID: 3
[08-Jun-2025 02:55:23 Europe/Berlin] Operation requested: get_unread_count
[08-Jun-2025 02:55:24 Europe/Berlin] Processing notifications for user ID: 3
[08-Jun-2025 02:55:24 Europe/Berlin] Operation requested: get_unread_count
[08-Jun-2025 02:55:25 Europe/Berlin] Processing notifications for user ID: 3
[08-Jun-2025 02:55:25 Europe/Berlin] Operation requested: get
[08-Jun-2025 02:55:25 Europe/Berlin] Formatting message for type: borrow_approved
[08-Jun-2025 02:55:25 Europe/Berlin] Processing notification: {"id":6,"user_id":3,"type":"borrow_approved","message":"Your request to borrow \"Dogeaters\" has been approved.","book_id":132,"is_read":0,"created_at":"2025-06-08 08:54:19","book_title":"Dogeaters"}
[08-Jun-2025 02:55:25 Europe/Berlin] Formatting message for type: borrow_rejected
[08-Jun-2025 02:55:25 Europe/Berlin] Processing notification: {"id":5,"user_id":3,"type":"borrow_rejected","message":"Your request to borrow \"Things Fall Apart\" has been rejected. Reason: Already Borrowed","book_id":141,"is_read":0,"created_at":"2025-06-08 08:54:13","book_title":"Things Fall Apart"}
[08-Jun-2025 02:55:25 Europe/Berlin] Formatting message for type: borrow_approved
[08-Jun-2025 02:55:25 Europe/Berlin] Processing notification: {"id":4,"user_id":3,"type":"borrow_approved","message":"Your request to borrow \"The Stranger\" has been approved.","book_id":142,"is_read":1,"created_at":"2025-06-08 08:42:26","book_title":"The Stranger"}
[08-Jun-2025 02:55:25 Europe/Berlin] Formatting message for type: return
[08-Jun-2025 02:55:25 Europe/Berlin] Processing notification: {"id":3,"user_id":3,"type":"return","message":"Your overdue book \"To Kill a Mockingbird\" has been marked as paid and returned.","book_id":136,"is_read":0,"created_at":"2025-06-08 08:14:30","book_title":"To Kill a Mockingbird"}
[08-Jun-2025 02:55:25 Europe/Berlin] Formatting message for type: return
[08-Jun-2025 02:55:25 Europe/Berlin] Processing notification: {"id":2,"user_id":3,"type":"return","message":"Your overdue book \"1984\" has been marked as paid and returned.","book_id":137,"is_read":0,"created_at":"2025-06-08 08:13:38","book_title":"1984"}
[08-Jun-2025 02:55:25 Europe/Berlin] Formatting message for type: return
[08-Jun-2025 02:55:25 Europe/Berlin] Processing notification: {"id":1,"user_id":3,"type":"return","message":"Your overdue book \"The Great Gatsby\" has been marked as paid and returned.","book_id":135,"is_read":1,"created_at":"2025-06-08 08:12:23","book_title":"The Great Gatsby"}
[08-Jun-2025 02:55:25 Europe/Berlin] Found 6 notifications
[08-Jun-2025 02:55:30 Europe/Berlin] Processing notifications for user ID: 3
[08-Jun-2025 02:55:30 Europe/Berlin] Operation requested: get
[08-Jun-2025 02:55:30 Europe/Berlin] Formatting message for type: borrow_approved
[08-Jun-2025 02:55:30 Europe/Berlin] Processing notification: {"id":6,"user_id":3,"type":"borrow_approved","message":"Your request to borrow \"Dogeaters\" has been approved.","book_id":132,"is_read":0,"created_at":"2025-06-08 08:54:19","book_title":"Dogeaters"}
[08-Jun-2025 02:55:30 Europe/Berlin] Formatting message for type: borrow_rejected
[08-Jun-2025 02:55:30 Europe/Berlin] Processing notification: {"id":5,"user_id":3,"type":"borrow_rejected","message":"Your request to borrow \"Things Fall Apart\" has been rejected. Reason: Already Borrowed","book_id":141,"is_read":0,"created_at":"2025-06-08 08:54:13","book_title":"Things Fall Apart"}
[08-Jun-2025 02:55:30 Europe/Berlin] Formatting message for type: borrow_approved
[08-Jun-2025 02:55:30 Europe/Berlin] Processing notification: {"id":4,"user_id":3,"type":"borrow_approved","message":"Your request to borrow \"The Stranger\" has been approved.","book_id":142,"is_read":1,"created_at":"2025-06-08 08:42:26","book_title":"The Stranger"}
[08-Jun-2025 02:55:30 Europe/Berlin] Formatting message for type: return
[08-Jun-2025 02:55:30 Europe/Berlin] Processing notification: {"id":3,"user_id":3,"type":"return","message":"Your overdue book \"To Kill a Mockingbird\" has been marked as paid and returned.","book_id":136,"is_read":0,"created_at":"2025-06-08 08:14:30","book_title":"To Kill a Mockingbird"}
[08-Jun-2025 02:55:30 Europe/Berlin] Formatting message for type: return
[08-Jun-2025 02:55:30 Europe/Berlin] Processing notification: {"id":2,"user_id":3,"type":"return","message":"Your overdue book \"1984\" has been marked as paid and returned.","book_id":137,"is_read":0,"created_at":"2025-06-08 08:13:38","book_title":"1984"}
[08-Jun-2025 02:55:30 Europe/Berlin] Formatting message for type: return
[08-Jun-2025 02:55:30 Europe/Berlin] Processing notification: {"id":1,"user_id":3,"type":"return","message":"Your overdue book \"The Great Gatsby\" has been marked as paid and returned.","book_id":135,"is_read":1,"created_at":"2025-06-08 08:12:23","book_title":"The Great Gatsby"}
[08-Jun-2025 02:55:30 Europe/Berlin] Found 6 notifications
[08-Jun-2025 02:55:54 Europe/Berlin] Processing notifications for user ID: 3
[08-Jun-2025 02:55:54 Europe/Berlin] Operation requested: get_unread_count
[08-Jun-2025 02:56:15 Europe/Berlin] Processing notifications for user ID: 3
[08-Jun-2025 02:56:15 Europe/Berlin] Operation requested: get_unread_count
[08-Jun-2025 02:56:17 Europe/Berlin] Processing notifications for user ID: 3
[08-Jun-2025 02:56:17 Europe/Berlin] Operation requested: get
[08-Jun-2025 02:56:17 Europe/Berlin] Formatting message for type: borrow_approved
[08-Jun-2025 02:56:17 Europe/Berlin] Processing notification: {"id":6,"user_id":3,"type":"borrow_approved","message":"Your request to borrow \"Dogeaters\" has been approved.","book_id":132,"is_read":0,"created_at":"2025-06-08 08:54:19","book_title":"Dogeaters"}
[08-Jun-2025 02:56:17 Europe/Berlin] Formatting message for type: borrow_rejected
[08-Jun-2025 02:56:17 Europe/Berlin] Processing notification: {"id":5,"user_id":3,"type":"borrow_rejected","message":"Your request to borrow \"Things Fall Apart\" has been rejected. Reason: Already Borrowed","book_id":141,"is_read":0,"created_at":"2025-06-08 08:54:13","book_title":"Things Fall Apart"}
[08-Jun-2025 02:56:17 Europe/Berlin] Formatting message for type: borrow_approved
[08-Jun-2025 02:56:17 Europe/Berlin] Processing notification: {"id":4,"user_id":3,"type":"borrow_approved","message":"Your request to borrow \"The Stranger\" has been approved.","book_id":142,"is_read":1,"created_at":"2025-06-08 08:42:26","book_title":"The Stranger"}
[08-Jun-2025 02:56:17 Europe/Berlin] Formatting message for type: return
[08-Jun-2025 02:56:17 Europe/Berlin] Processing notification: {"id":3,"user_id":3,"type":"return","message":"Your overdue book \"To Kill a Mockingbird\" has been marked as paid and returned.","book_id":136,"is_read":0,"created_at":"2025-06-08 08:14:30","book_title":"To Kill a Mockingbird"}
[08-Jun-2025 02:56:17 Europe/Berlin] Formatting message for type: return
[08-Jun-2025 02:56:17 Europe/Berlin] Processing notification: {"id":2,"user_id":3,"type":"return","message":"Your overdue book \"1984\" has been marked as paid and returned.","book_id":137,"is_read":0,"created_at":"2025-06-08 08:13:38","book_title":"1984"}
[08-Jun-2025 02:56:17 Europe/Berlin] Formatting message for type: return
[08-Jun-2025 02:56:17 Europe/Berlin] Processing notification: {"id":1,"user_id":3,"type":"return","message":"Your overdue book \"The Great Gatsby\" has been marked as paid and returned.","book_id":135,"is_read":1,"created_at":"2025-06-08 08:12:23","book_title":"The Great Gatsby"}
[08-Jun-2025 02:56:17 Europe/Berlin] Found 6 notifications
[08-Jun-2025 02:56:46 Europe/Berlin] Processing notifications for user ID: 3
[08-Jun-2025 02:56:46 Europe/Berlin] Operation requested: get_unread_count
[08-Jun-2025 02:57:16 Europe/Berlin] Processing notifications for user ID: 3
[08-Jun-2025 02:57:16 Europe/Berlin] Operation requested: get_unread_count
[08-Jun-2025 02:57:46 Europe/Berlin] Processing notifications for user ID: 3
[08-Jun-2025 02:57:46 Europe/Berlin] Operation requested: get_unread_count
[08-Jun-2025 02:57:47 Europe/Berlin] Processing notifications for user ID: 3
[08-Jun-2025 02:57:47 Europe/Berlin] Operation requested: get
[08-Jun-2025 02:57:47 Europe/Berlin] Formatting message for type: borrow_approved
[08-Jun-2025 02:57:47 Europe/Berlin] Processing notification: {"id":6,"user_id":3,"type":"borrow_approved","message":"Your request to borrow \"Dogeaters\" has been approved.","book_id":132,"is_read":0,"created_at":"2025-06-08 08:54:19","book_title":"Dogeaters"}
[08-Jun-2025 02:57:47 Europe/Berlin] Formatting message for type: borrow_rejected
[08-Jun-2025 02:57:47 Europe/Berlin] Processing notification: {"id":5,"user_id":3,"type":"borrow_rejected","message":"Your request to borrow \"Things Fall Apart\" has been rejected. Reason: Already Borrowed","book_id":141,"is_read":0,"created_at":"2025-06-08 08:54:13","book_title":"Things Fall Apart"}
[08-Jun-2025 02:57:47 Europe/Berlin] Formatting message for type: borrow_approved
[08-Jun-2025 02:57:47 Europe/Berlin] Processing notification: {"id":4,"user_id":3,"type":"borrow_approved","message":"Your request to borrow \"The Stranger\" has been approved.","book_id":142,"is_read":1,"created_at":"2025-06-08 08:42:26","book_title":"The Stranger"}
[08-Jun-2025 02:57:47 Europe/Berlin] Formatting message for type: return
[08-Jun-2025 02:57:47 Europe/Berlin] Processing notification: {"id":3,"user_id":3,"type":"return","message":"Your overdue book \"To Kill a Mockingbird\" has been marked as paid and returned.","book_id":136,"is_read":0,"created_at":"2025-06-08 08:14:30","book_title":"To Kill a Mockingbird"}
[08-Jun-2025 02:57:47 Europe/Berlin] Formatting message for type: return
[08-Jun-2025 02:57:47 Europe/Berlin] Processing notification: {"id":2,"user_id":3,"type":"return","message":"Your overdue book \"1984\" has been marked as paid and returned.","book_id":137,"is_read":0,"created_at":"2025-06-08 08:13:38","book_title":"1984"}
[08-Jun-2025 02:57:47 Europe/Berlin] Formatting message for type: return
[08-Jun-2025 02:57:47 Europe/Berlin] Processing notification: {"id":1,"user_id":3,"type":"return","message":"Your overdue book \"The Great Gatsby\" has been marked as paid and returned.","book_id":135,"is_read":1,"created_at":"2025-06-08 08:12:23","book_title":"The Great Gatsby"}
[08-Jun-2025 02:57:47 Europe/Berlin] Found 6 notifications
[08-Jun-2025 02:57:51 Europe/Berlin] Processing notifications for user ID: 3
[08-Jun-2025 02:57:51 Europe/Berlin] Operation requested: get_unread_count
[08-Jun-2025 02:57:53 Europe/Berlin] Processing notifications for user ID: 3
[08-Jun-2025 02:57:53 Europe/Berlin] Operation requested: get
[08-Jun-2025 02:57:53 Europe/Berlin] Formatting message for type: borrow_approved
[08-Jun-2025 02:57:53 Europe/Berlin] Processing notification: {"id":6,"user_id":3,"type":"borrow_approved","message":"Your request to borrow \"Dogeaters\" has been approved.","book_id":132,"is_read":0,"created_at":"2025-06-08 08:54:19","book_title":"Dogeaters"}
[08-Jun-2025 02:57:53 Europe/Berlin] Formatting message for type: borrow_rejected
[08-Jun-2025 02:57:53 Europe/Berlin] Processing notification: {"id":5,"user_id":3,"type":"borrow_rejected","message":"Your request to borrow \"Things Fall Apart\" has been rejected. Reason: Already Borrowed","book_id":141,"is_read":0,"created_at":"2025-06-08 08:54:13","book_title":"Things Fall Apart"}
[08-Jun-2025 02:57:53 Europe/Berlin] Formatting message for type: borrow_approved
[08-Jun-2025 02:57:53 Europe/Berlin] Processing notification: {"id":4,"user_id":3,"type":"borrow_approved","message":"Your request to borrow \"The Stranger\" has been approved.","book_id":142,"is_read":1,"created_at":"2025-06-08 08:42:26","book_title":"The Stranger"}
[08-Jun-2025 02:57:53 Europe/Berlin] Formatting message for type: return
[08-Jun-2025 02:57:53 Europe/Berlin] Processing notification: {"id":3,"user_id":3,"type":"return","message":"Your overdue book \"To Kill a Mockingbird\" has been marked as paid and returned.","book_id":136,"is_read":0,"created_at":"2025-06-08 08:14:30","book_title":"To Kill a Mockingbird"}
[08-Jun-2025 02:57:53 Europe/Berlin] Formatting message for type: return
[08-Jun-2025 02:57:53 Europe/Berlin] Processing notification: {"id":2,"user_id":3,"type":"return","message":"Your overdue book \"1984\" has been marked as paid and returned.","book_id":137,"is_read":0,"created_at":"2025-06-08 08:13:38","book_title":"1984"}
[08-Jun-2025 02:57:53 Europe/Berlin] Formatting message for type: return
[08-Jun-2025 02:57:53 Europe/Berlin] Processing notification: {"id":1,"user_id":3,"type":"return","message":"Your overdue book \"The Great Gatsby\" has been marked as paid and returned.","book_id":135,"is_read":1,"created_at":"2025-06-08 08:12:23","book_title":"The Great Gatsby"}
[08-Jun-2025 02:57:53 Europe/Berlin] Found 6 notifications
[08-Jun-2025 02:58:01 Europe/Berlin] Processing notifications for user ID: 3
[08-Jun-2025 02:58:01 Europe/Berlin] Operation requested: get
[08-Jun-2025 02:58:01 Europe/Berlin] Formatting message for type: borrow_approved
[08-Jun-2025 02:58:01 Europe/Berlin] Processing notification: {"id":6,"user_id":3,"type":"borrow_approved","message":"Your request to borrow \"Dogeaters\" has been approved.","book_id":132,"is_read":0,"created_at":"2025-06-08 08:54:19","book_title":"Dogeaters"}
[08-Jun-2025 02:58:01 Europe/Berlin] Formatting message for type: borrow_rejected
[08-Jun-2025 02:58:01 Europe/Berlin] Processing notification: {"id":5,"user_id":3,"type":"borrow_rejected","message":"Your request to borrow \"Things Fall Apart\" has been rejected. Reason: Already Borrowed","book_id":141,"is_read":0,"created_at":"2025-06-08 08:54:13","book_title":"Things Fall Apart"}
[08-Jun-2025 02:58:01 Europe/Berlin] Formatting message for type: borrow_approved
[08-Jun-2025 02:58:01 Europe/Berlin] Processing notification: {"id":4,"user_id":3,"type":"borrow_approved","message":"Your request to borrow \"The Stranger\" has been approved.","book_id":142,"is_read":1,"created_at":"2025-06-08 08:42:26","book_title":"The Stranger"}
[08-Jun-2025 02:58:01 Europe/Berlin] Formatting message for type: return
[08-Jun-2025 02:58:01 Europe/Berlin] Processing notification: {"id":3,"user_id":3,"type":"return","message":"Your overdue book \"To Kill a Mockingbird\" has been marked as paid and returned.","book_id":136,"is_read":0,"created_at":"2025-06-08 08:14:30","book_title":"To Kill a Mockingbird"}
[08-Jun-2025 02:58:01 Europe/Berlin] Formatting message for type: return
[08-Jun-2025 02:58:01 Europe/Berlin] Processing notification: {"id":2,"user_id":3,"type":"return","message":"Your overdue book \"1984\" has been marked as paid and returned.","book_id":137,"is_read":0,"created_at":"2025-06-08 08:13:38","book_title":"1984"}
[08-Jun-2025 02:58:01 Europe/Berlin] Formatting message for type: return
[08-Jun-2025 02:58:01 Europe/Berlin] Processing notification: {"id":1,"user_id":3,"type":"return","message":"Your overdue book \"The Great Gatsby\" has been marked as paid and returned.","book_id":135,"is_read":1,"created_at":"2025-06-08 08:12:23","book_title":"The Great Gatsby"}
[08-Jun-2025 02:58:01 Europe/Berlin] Found 6 notifications
[08-Jun-2025 02:58:22 Europe/Berlin] Processing notifications for user ID: 3
[08-Jun-2025 02:58:22 Europe/Berlin] Operation requested: get_unread_count
[08-Jun-2025 02:58:24 Europe/Berlin] Processing notifications for user ID: 3
[08-Jun-2025 02:58:24 Europe/Berlin] Operation requested: get_unread_count
[08-Jun-2025 02:58:25 Europe/Berlin] Processing notifications for user ID: 3
[08-Jun-2025 02:58:25 Europe/Berlin] Operation requested: get
[08-Jun-2025 02:58:25 Europe/Berlin] Formatting message for type: borrow_approved
[08-Jun-2025 02:58:25 Europe/Berlin] Processing notification: {"id":6,"user_id":3,"type":"borrow_approved","message":"Your request to borrow \"Dogeaters\" has been approved.","book_id":132,"is_read":0,"created_at":"2025-06-08 08:54:19","book_title":"Dogeaters"}
[08-Jun-2025 02:58:25 Europe/Berlin] Formatting message for type: borrow_rejected
[08-Jun-2025 02:58:25 Europe/Berlin] Processing notification: {"id":5,"user_id":3,"type":"borrow_rejected","message":"Your request to borrow \"Things Fall Apart\" has been rejected. Reason: Already Borrowed","book_id":141,"is_read":0,"created_at":"2025-06-08 08:54:13","book_title":"Things Fall Apart"}
[08-Jun-2025 02:58:25 Europe/Berlin] Formatting message for type: borrow_approved
[08-Jun-2025 02:58:25 Europe/Berlin] Processing notification: {"id":4,"user_id":3,"type":"borrow_approved","message":"Your request to borrow \"The Stranger\" has been approved.","book_id":142,"is_read":1,"created_at":"2025-06-08 08:42:26","book_title":"The Stranger"}
[08-Jun-2025 02:58:25 Europe/Berlin] Formatting message for type: return
[08-Jun-2025 02:58:25 Europe/Berlin] Processing notification: {"id":3,"user_id":3,"type":"return","message":"Your overdue book \"To Kill a Mockingbird\" has been marked as paid and returned.","book_id":136,"is_read":0,"created_at":"2025-06-08 08:14:30","book_title":"To Kill a Mockingbird"}
[08-Jun-2025 02:58:25 Europe/Berlin] Formatting message for type: return
[08-Jun-2025 02:58:25 Europe/Berlin] Processing notification: {"id":2,"user_id":3,"type":"return","message":"Your overdue book \"1984\" has been marked as paid and returned.","book_id":137,"is_read":0,"created_at":"2025-06-08 08:13:38","book_title":"1984"}
[08-Jun-2025 02:58:25 Europe/Berlin] Formatting message for type: return
[08-Jun-2025 02:58:25 Europe/Berlin] Processing notification: {"id":1,"user_id":3,"type":"return","message":"Your overdue book \"The Great Gatsby\" has been marked as paid and returned.","book_id":135,"is_read":1,"created_at":"2025-06-08 08:12:23","book_title":"The Great Gatsby"}
[08-Jun-2025 02:58:25 Europe/Berlin] Found 6 notifications
[08-Jun-2025 02:58:28 Europe/Berlin] Processing notifications for user ID: 3
[08-Jun-2025 02:58:28 Europe/Berlin] Operation requested: get
[08-Jun-2025 02:58:28 Europe/Berlin] Formatting message for type: borrow_approved
[08-Jun-2025 02:58:28 Europe/Berlin] Processing notification: {"id":6,"user_id":3,"type":"borrow_approved","message":"Your request to borrow \"Dogeaters\" has been approved.","book_id":132,"is_read":0,"created_at":"2025-06-08 08:54:19","book_title":"Dogeaters"}
[08-Jun-2025 02:58:28 Europe/Berlin] Formatting message for type: borrow_rejected
[08-Jun-2025 02:58:28 Europe/Berlin] Processing notification: {"id":5,"user_id":3,"type":"borrow_rejected","message":"Your request to borrow \"Things Fall Apart\" has been rejected. Reason: Already Borrowed","book_id":141,"is_read":0,"created_at":"2025-06-08 08:54:13","book_title":"Things Fall Apart"}
[08-Jun-2025 02:58:28 Europe/Berlin] Formatting message for type: borrow_approved
[08-Jun-2025 02:58:28 Europe/Berlin] Processing notification: {"id":4,"user_id":3,"type":"borrow_approved","message":"Your request to borrow \"The Stranger\" has been approved.","book_id":142,"is_read":1,"created_at":"2025-06-08 08:42:26","book_title":"The Stranger"}
[08-Jun-2025 02:58:28 Europe/Berlin] Formatting message for type: return
[08-Jun-2025 02:58:28 Europe/Berlin] Processing notification: {"id":3,"user_id":3,"type":"return","message":"Your overdue book \"To Kill a Mockingbird\" has been marked as paid and returned.","book_id":136,"is_read":0,"created_at":"2025-06-08 08:14:30","book_title":"To Kill a Mockingbird"}
[08-Jun-2025 02:58:28 Europe/Berlin] Formatting message for type: return
[08-Jun-2025 02:58:28 Europe/Berlin] Processing notification: {"id":2,"user_id":3,"type":"return","message":"Your overdue book \"1984\" has been marked as paid and returned.","book_id":137,"is_read":0,"created_at":"2025-06-08 08:13:38","book_title":"1984"}
[08-Jun-2025 02:58:28 Europe/Berlin] Formatting message for type: return
[08-Jun-2025 02:58:28 Europe/Berlin] Processing notification: {"id":1,"user_id":3,"type":"return","message":"Your overdue book \"The Great Gatsby\" has been marked as paid and returned.","book_id":135,"is_read":1,"created_at":"2025-06-08 08:12:23","book_title":"The Great Gatsby"}
[08-Jun-2025 02:58:28 Europe/Berlin] Found 6 notifications
[08-Jun-2025 02:58:31 Europe/Berlin] Processing notifications for user ID: 3
[08-Jun-2025 02:58:31 Europe/Berlin] Operation requested: get
[08-Jun-2025 02:58:31 Europe/Berlin] Formatting message for type: borrow_approved
[08-Jun-2025 02:58:31 Europe/Berlin] Processing notification: {"id":6,"user_id":3,"type":"borrow_approved","message":"Your request to borrow \"Dogeaters\" has been approved.","book_id":132,"is_read":0,"created_at":"2025-06-08 08:54:19","book_title":"Dogeaters"}
[08-Jun-2025 02:58:31 Europe/Berlin] Formatting message for type: borrow_rejected
[08-Jun-2025 02:58:31 Europe/Berlin] Processing notification: {"id":5,"user_id":3,"type":"borrow_rejected","message":"Your request to borrow \"Things Fall Apart\" has been rejected. Reason: Already Borrowed","book_id":141,"is_read":0,"created_at":"2025-06-08 08:54:13","book_title":"Things Fall Apart"}
[08-Jun-2025 02:58:31 Europe/Berlin] Formatting message for type: borrow_approved
[08-Jun-2025 02:58:31 Europe/Berlin] Processing notification: {"id":4,"user_id":3,"type":"borrow_approved","message":"Your request to borrow \"The Stranger\" has been approved.","book_id":142,"is_read":1,"created_at":"2025-06-08 08:42:26","book_title":"The Stranger"}
[08-Jun-2025 02:58:31 Europe/Berlin] Formatting message for type: return
[08-Jun-2025 02:58:31 Europe/Berlin] Processing notification: {"id":3,"user_id":3,"type":"return","message":"Your overdue book \"To Kill a Mockingbird\" has been marked as paid and returned.","book_id":136,"is_read":0,"created_at":"2025-06-08 08:14:30","book_title":"To Kill a Mockingbird"}
[08-Jun-2025 02:58:31 Europe/Berlin] Formatting message for type: return
[08-Jun-2025 02:58:31 Europe/Berlin] Processing notification: {"id":2,"user_id":3,"type":"return","message":"Your overdue book \"1984\" has been marked as paid and returned.","book_id":137,"is_read":0,"created_at":"2025-06-08 08:13:38","book_title":"1984"}
[08-Jun-2025 02:58:31 Europe/Berlin] Formatting message for type: return
[08-Jun-2025 02:58:31 Europe/Berlin] Processing notification: {"id":1,"user_id":3,"type":"return","message":"Your overdue book \"The Great Gatsby\" has been marked as paid and returned.","book_id":135,"is_read":1,"created_at":"2025-06-08 08:12:23","book_title":"The Great Gatsby"}
[08-Jun-2025 02:58:31 Europe/Berlin] Found 6 notifications
[08-Jun-2025 02:58:33 Europe/Berlin] Processing notifications for user ID: 3
[08-Jun-2025 02:58:33 Europe/Berlin] Operation requested: get
[08-Jun-2025 02:58:33 Europe/Berlin] Formatting message for type: borrow_approved
[08-Jun-2025 02:58:33 Europe/Berlin] Processing notification: {"id":6,"user_id":3,"type":"borrow_approved","message":"Your request to borrow \"Dogeaters\" has been approved.","book_id":132,"is_read":0,"created_at":"2025-06-08 08:54:19","book_title":"Dogeaters"}
[08-Jun-2025 02:58:33 Europe/Berlin] Formatting message for type: borrow_rejected
[08-Jun-2025 02:58:33 Europe/Berlin] Processing notification: {"id":5,"user_id":3,"type":"borrow_rejected","message":"Your request to borrow \"Things Fall Apart\" has been rejected. Reason: Already Borrowed","book_id":141,"is_read":0,"created_at":"2025-06-08 08:54:13","book_title":"Things Fall Apart"}
[08-Jun-2025 02:58:33 Europe/Berlin] Formatting message for type: borrow_approved
[08-Jun-2025 02:58:33 Europe/Berlin] Processing notification: {"id":4,"user_id":3,"type":"borrow_approved","message":"Your request to borrow \"The Stranger\" has been approved.","book_id":142,"is_read":1,"created_at":"2025-06-08 08:42:26","book_title":"The Stranger"}
[08-Jun-2025 02:58:33 Europe/Berlin] Formatting message for type: return
[08-Jun-2025 02:58:33 Europe/Berlin] Processing notification: {"id":3,"user_id":3,"type":"return","message":"Your overdue book \"To Kill a Mockingbird\" has been marked as paid and returned.","book_id":136,"is_read":0,"created_at":"2025-06-08 08:14:30","book_title":"To Kill a Mockingbird"}
[08-Jun-2025 02:58:33 Europe/Berlin] Formatting message for type: return
[08-Jun-2025 02:58:33 Europe/Berlin] Processing notification: {"id":2,"user_id":3,"type":"return","message":"Your overdue book \"1984\" has been marked as paid and returned.","book_id":137,"is_read":0,"created_at":"2025-06-08 08:13:38","book_title":"1984"}
[08-Jun-2025 02:58:33 Europe/Berlin] Formatting message for type: return
[08-Jun-2025 02:58:33 Europe/Berlin] Processing notification: {"id":1,"user_id":3,"type":"return","message":"Your overdue book \"The Great Gatsby\" has been marked as paid and returned.","book_id":135,"is_read":1,"created_at":"2025-06-08 08:12:23","book_title":"The Great Gatsby"}
[08-Jun-2025 02:58:33 Europe/Berlin] Found 6 notifications
[08-Jun-2025 02:58:41 Europe/Berlin] Processing notifications for user ID: 3
[08-Jun-2025 02:58:41 Europe/Berlin] Operation requested: get_unread_count
[08-Jun-2025 02:58:43 Europe/Berlin] Processing notifications for user ID: 3
[08-Jun-2025 02:58:43 Europe/Berlin] Operation requested: get_unread_count
[08-Jun-2025 02:58:44 Europe/Berlin] Processing notifications for user ID: 3
[08-Jun-2025 02:58:44 Europe/Berlin] Operation requested: get_unread_count
[08-Jun-2025 02:58:45 Europe/Berlin] Processing notifications for user ID: 3
[08-Jun-2025 02:58:45 Europe/Berlin] Operation requested: get_unread_count
[08-Jun-2025 02:58:45 Europe/Berlin] Processing notifications for user ID: 3
[08-Jun-2025 02:58:45 Europe/Berlin] Operation requested: get_unread_count
[08-Jun-2025 02:58:46 Europe/Berlin] Processing notifications for user ID: 3
[08-Jun-2025 02:58:46 Europe/Berlin] Operation requested: get_unread_count
[08-Jun-2025 02:58:47 Europe/Berlin] Processing notifications for user ID: 3
[08-Jun-2025 02:58:47 Europe/Berlin] Operation requested: get_unread_count
[08-Jun-2025 02:58:48 Europe/Berlin] Processing notifications for user ID: 3
[08-Jun-2025 02:58:48 Europe/Berlin] Operation requested: get_unread_count
[08-Jun-2025 02:58:48 Europe/Berlin] Processing notifications for user ID: 3
[08-Jun-2025 02:58:48 Europe/Berlin] Operation requested: get_unread_count
[08-Jun-2025 02:58:49 Europe/Berlin] Processing notifications for user ID: 3
[08-Jun-2025 02:58:49 Europe/Berlin] Operation requested: get_unread_count
[08-Jun-2025 02:58:50 Europe/Berlin] Processing notifications for user ID: 3
[08-Jun-2025 02:58:50 Europe/Berlin] Operation requested: get_unread_count
[08-Jun-2025 02:58:51 Europe/Berlin] Processing notifications for user ID: 3
[08-Jun-2025 02:58:51 Europe/Berlin] Operation requested: get_unread_count
[08-Jun-2025 02:59:21 Europe/Berlin] Processing notifications for user ID: 3
[08-Jun-2025 02:59:21 Europe/Berlin] Operation requested: get_unread_count
[08-Jun-2025 02:59:51 Europe/Berlin] Processing notifications for user ID: 3
[08-Jun-2025 02:59:51 Europe/Berlin] Operation requested: get_unread_count
[08-Jun-2025 03:00:21 Europe/Berlin] Processing notifications for user ID: 3
[08-Jun-2025 03:00:21 Europe/Berlin] Operation requested: get_unread_count
[08-Jun-2025 03:00:28 Europe/Berlin] Processing notifications for user ID: 3
[08-Jun-2025 03:00:28 Europe/Berlin] Operation requested: get_unread_count
[08-Jun-2025 03:00:29 Europe/Berlin] Processing notifications for user ID: 3
[08-Jun-2025 03:00:29 Europe/Berlin] Operation requested: get
[08-Jun-2025 03:00:29 Europe/Berlin] Formatting message for type: borrow_approved
[08-Jun-2025 03:00:29 Europe/Berlin] Processing notification: {"id":6,"user_id":3,"type":"borrow_approved","message":"Your request to borrow \"Dogeaters\" has been approved.","book_id":132,"is_read":0,"created_at":"2025-06-08 08:54:19","book_title":"Dogeaters"}
[08-Jun-2025 03:00:29 Europe/Berlin] Formatting message for type: borrow_rejected
[08-Jun-2025 03:00:29 Europe/Berlin] Processing notification: {"id":5,"user_id":3,"type":"borrow_rejected","message":"Your request to borrow \"Things Fall Apart\" has been rejected. Reason: Already Borrowed","book_id":141,"is_read":0,"created_at":"2025-06-08 08:54:13","book_title":"Things Fall Apart"}
[08-Jun-2025 03:00:29 Europe/Berlin] Formatting message for type: borrow_approved
[08-Jun-2025 03:00:29 Europe/Berlin] Processing notification: {"id":4,"user_id":3,"type":"borrow_approved","message":"Your request to borrow \"The Stranger\" has been approved.","book_id":142,"is_read":1,"created_at":"2025-06-08 08:42:26","book_title":"The Stranger"}
[08-Jun-2025 03:00:29 Europe/Berlin] Formatting message for type: return
[08-Jun-2025 03:00:29 Europe/Berlin] Processing notification: {"id":3,"user_id":3,"type":"return","message":"Your overdue book \"To Kill a Mockingbird\" has been marked as paid and returned.","book_id":136,"is_read":0,"created_at":"2025-06-08 08:14:30","book_title":"To Kill a Mockingbird"}
[08-Jun-2025 03:00:29 Europe/Berlin] Formatting message for type: return
[08-Jun-2025 03:00:29 Europe/Berlin] Processing notification: {"id":2,"user_id":3,"type":"return","message":"Your overdue book \"1984\" has been marked as paid and returned.","book_id":137,"is_read":0,"created_at":"2025-06-08 08:13:38","book_title":"1984"}
[08-Jun-2025 03:00:29 Europe/Berlin] Formatting message for type: return
[08-Jun-2025 03:00:29 Europe/Berlin] Processing notification: {"id":1,"user_id":3,"type":"return","message":"Your overdue book \"The Great Gatsby\" has been marked as paid and returned.","book_id":135,"is_read":1,"created_at":"2025-06-08 08:12:23","book_title":"The Great Gatsby"}
[08-Jun-2025 03:00:29 Europe/Berlin] Found 6 notifications
[08-Jun-2025 03:00:45 Europe/Berlin] Processing notifications for user ID: 3
[08-Jun-2025 03:00:45 Europe/Berlin] Operation requested: get
[08-Jun-2025 03:00:45 Europe/Berlin] Formatting message for type: borrow_approved
[08-Jun-2025 03:00:45 Europe/Berlin] Processing notification: {"id":6,"user_id":3,"type":"borrow_approved","message":"Your request to borrow \"Dogeaters\" has been approved.","book_id":132,"is_read":0,"created_at":"2025-06-08 08:54:19","book_title":"Dogeaters"}
[08-Jun-2025 03:00:45 Europe/Berlin] Formatting message for type: borrow_rejected
[08-Jun-2025 03:00:45 Europe/Berlin] Processing notification: {"id":5,"user_id":3,"type":"borrow_rejected","message":"Your request to borrow \"Things Fall Apart\" has been rejected. Reason: Already Borrowed","book_id":141,"is_read":0,"created_at":"2025-06-08 08:54:13","book_title":"Things Fall Apart"}
[08-Jun-2025 03:00:45 Europe/Berlin] Formatting message for type: borrow_approved
[08-Jun-2025 03:00:45 Europe/Berlin] Processing notification: {"id":4,"user_id":3,"type":"borrow_approved","message":"Your request to borrow \"The Stranger\" has been approved.","book_id":142,"is_read":1,"created_at":"2025-06-08 08:42:26","book_title":"The Stranger"}
[08-Jun-2025 03:00:45 Europe/Berlin] Formatting message for type: return
[08-Jun-2025 03:00:45 Europe/Berlin] Processing notification: {"id":3,"user_id":3,"type":"return","message":"Your overdue book \"To Kill a Mockingbird\" has been marked as paid and returned.","book_id":136,"is_read":0,"created_at":"2025-06-08 08:14:30","book_title":"To Kill a Mockingbird"}
[08-Jun-2025 03:00:45 Europe/Berlin] Formatting message for type: return
[08-Jun-2025 03:00:45 Europe/Berlin] Processing notification: {"id":2,"user_id":3,"type":"return","message":"Your overdue book \"1984\" has been marked as paid and returned.","book_id":137,"is_read":0,"created_at":"2025-06-08 08:13:38","book_title":"1984"}
[08-Jun-2025 03:00:45 Europe/Berlin] Formatting message for type: return
[08-Jun-2025 03:00:45 Europe/Berlin] Processing notification: {"id":1,"user_id":3,"type":"return","message":"Your overdue book \"The Great Gatsby\" has been marked as paid and returned.","book_id":135,"is_read":1,"created_at":"2025-06-08 08:12:23","book_title":"The Great Gatsby"}
[08-Jun-2025 03:00:45 Europe/Berlin] Found 6 notifications
[08-Jun-2025 03:00:52 Europe/Berlin] Processing notifications for user ID: 3
[08-Jun-2025 03:00:52 Europe/Berlin] Operation requested: get
[08-Jun-2025 03:00:52 Europe/Berlin] Formatting message for type: borrow_approved
[08-Jun-2025 03:00:52 Europe/Berlin] Processing notification: {"id":6,"user_id":3,"type":"borrow_approved","message":"Your request to borrow \"Dogeaters\" has been approved.","book_id":132,"is_read":0,"created_at":"2025-06-08 08:54:19","book_title":"Dogeaters"}
[08-Jun-2025 03:00:52 Europe/Berlin] Formatting message for type: borrow_rejected
[08-Jun-2025 03:00:52 Europe/Berlin] Processing notification: {"id":5,"user_id":3,"type":"borrow_rejected","message":"Your request to borrow \"Things Fall Apart\" has been rejected. Reason: Already Borrowed","book_id":141,"is_read":0,"created_at":"2025-06-08 08:54:13","book_title":"Things Fall Apart"}
[08-Jun-2025 03:00:52 Europe/Berlin] Formatting message for type: borrow_approved
[08-Jun-2025 03:00:52 Europe/Berlin] Processing notification: {"id":4,"user_id":3,"type":"borrow_approved","message":"Your request to borrow \"The Stranger\" has been approved.","book_id":142,"is_read":1,"created_at":"2025-06-08 08:42:26","book_title":"The Stranger"}
[08-Jun-2025 03:00:52 Europe/Berlin] Formatting message for type: return
[08-Jun-2025 03:00:52 Europe/Berlin] Processing notification: {"id":3,"user_id":3,"type":"return","message":"Your overdue book \"To Kill a Mockingbird\" has been marked as paid and returned.","book_id":136,"is_read":0,"created_at":"2025-06-08 08:14:30","book_title":"To Kill a Mockingbird"}
[08-Jun-2025 03:00:52 Europe/Berlin] Formatting message for type: return
[08-Jun-2025 03:00:52 Europe/Berlin] Processing notification: {"id":2,"user_id":3,"type":"return","message":"Your overdue book \"1984\" has been marked as paid and returned.","book_id":137,"is_read":0,"created_at":"2025-06-08 08:13:38","book_title":"1984"}
[08-Jun-2025 03:00:52 Europe/Berlin] Formatting message for type: return
[08-Jun-2025 03:00:52 Europe/Berlin] Processing notification: {"id":1,"user_id":3,"type":"return","message":"Your overdue book \"The Great Gatsby\" has been marked as paid and returned.","book_id":135,"is_read":1,"created_at":"2025-06-08 08:12:23","book_title":"The Great Gatsby"}
[08-Jun-2025 03:00:52 Europe/Berlin] Found 6 notifications
[08-Jun-2025 03:00:58 Europe/Berlin] Processing notifications for user ID: 3
[08-Jun-2025 03:00:58 Europe/Berlin] Operation requested: get_unread_count
[08-Jun-2025 03:01:47 Europe/Berlin] Processing notifications for user ID: 3
[08-Jun-2025 03:01:47 Europe/Berlin] Operation requested: get_unread_count
[08-Jun-2025 03:02:18 Europe/Berlin] Processing notifications for user ID: 3
[08-Jun-2025 03:02:18 Europe/Berlin] Operation requested: get_unread_count
[08-Jun-2025 03:02:48 Europe/Berlin] Processing notifications for user ID: 3
[08-Jun-2025 03:02:48 Europe/Berlin] Operation requested: get_unread_count
[08-Jun-2025 03:03:18 Europe/Berlin] Processing notifications for user ID: 3
[08-Jun-2025 03:03:18 Europe/Berlin] Operation requested: get_unread_count
[08-Jun-2025 03:03:48 Europe/Berlin] Processing notifications for user ID: 3
[08-Jun-2025 03:03:48 Europe/Berlin] Operation requested: get_unread_count
[08-Jun-2025 03:04:09 Europe/Berlin] Processing notifications for user ID: 3
[08-Jun-2025 03:04:09 Europe/Berlin] Operation requested: get_unread_count
[08-Jun-2025 03:04:40 Europe/Berlin] Processing notifications for user ID: 3
[08-Jun-2025 03:04:40 Europe/Berlin] Operation requested: get_unread_count
[08-Jun-2025 03:05:10 Europe/Berlin] Processing notifications for user ID: 3
[08-Jun-2025 03:05:10 Europe/Berlin] Operation requested: get_unread_count
[08-Jun-2025 03:05:18 Europe/Berlin] Processing notifications for user ID: 3
[08-Jun-2025 03:05:18 Europe/Berlin] Operation requested: get_unread_count
[08-Jun-2025 03:05:37 Europe/Berlin] Processing notifications for user ID: 3
[08-Jun-2025 03:05:37 Europe/Berlin] Operation requested: get
[08-Jun-2025 03:05:37 Europe/Berlin] Formatting message for type: borrow_approved
[08-Jun-2025 03:05:37 Europe/Berlin] Processing notification: {"id":6,"user_id":3,"type":"borrow_approved","message":"Your request to borrow \"Dogeaters\" has been approved.","book_id":132,"is_read":0,"created_at":"2025-06-08 08:54:19","book_title":"Dogeaters"}
[08-Jun-2025 03:05:37 Europe/Berlin] Formatting message for type: borrow_rejected
[08-Jun-2025 03:05:37 Europe/Berlin] Processing notification: {"id":5,"user_id":3,"type":"borrow_rejected","message":"Your request to borrow \"Things Fall Apart\" has been rejected. Reason: Already Borrowed","book_id":141,"is_read":0,"created_at":"2025-06-08 08:54:13","book_title":"Things Fall Apart"}
[08-Jun-2025 03:05:37 Europe/Berlin] Formatting message for type: borrow_approved
[08-Jun-2025 03:05:37 Europe/Berlin] Processing notification: {"id":4,"user_id":3,"type":"borrow_approved","message":"Your request to borrow \"The Stranger\" has been approved.","book_id":142,"is_read":1,"created_at":"2025-06-08 08:42:26","book_title":"The Stranger"}
[08-Jun-2025 03:05:37 Europe/Berlin] Formatting message for type: return
[08-Jun-2025 03:05:37 Europe/Berlin] Processing notification: {"id":3,"user_id":3,"type":"return","message":"Your overdue book \"To Kill a Mockingbird\" has been marked as paid and returned.","book_id":136,"is_read":0,"created_at":"2025-06-08 08:14:30","book_title":"To Kill a Mockingbird"}
[08-Jun-2025 03:05:37 Europe/Berlin] Formatting message for type: return
[08-Jun-2025 03:05:37 Europe/Berlin] Processing notification: {"id":2,"user_id":3,"type":"return","message":"Your overdue book \"1984\" has been marked as paid and returned.","book_id":137,"is_read":0,"created_at":"2025-06-08 08:13:38","book_title":"1984"}
[08-Jun-2025 03:05:37 Europe/Berlin] Formatting message for type: return
[08-Jun-2025 03:05:37 Europe/Berlin] Processing notification: {"id":1,"user_id":3,"type":"return","message":"Your overdue book \"The Great Gatsby\" has been marked as paid and returned.","book_id":135,"is_read":1,"created_at":"2025-06-08 08:12:23","book_title":"The Great Gatsby"}
[08-Jun-2025 03:05:37 Europe/Berlin] Found 6 notifications
[08-Jun-2025 03:05:41 Europe/Berlin] Processing notifications for user ID: 3
[08-Jun-2025 03:05:41 Europe/Berlin] Operation requested: get_unread_count
[08-Jun-2025 03:05:58 Europe/Berlin] Processing notifications for user ID: 3
[08-Jun-2025 03:05:58 Europe/Berlin] Operation requested: get_unread_count
[08-Jun-2025 03:06:18 Europe/Berlin] Processing notifications for user ID: 3
[08-Jun-2025 03:06:18 Europe/Berlin] Operation requested: get_unread_count
[08-Jun-2025 03:06:30 Europe/Berlin] Processing notifications for user ID: 3
[08-Jun-2025 03:06:30 Europe/Berlin] Operation requested: get_unread_count
[08-Jun-2025 03:06:31 Europe/Berlin] Processing notifications for user ID: 3
[08-Jun-2025 03:06:31 Europe/Berlin] Operation requested: get_unread_count
[08-Jun-2025 03:06:31 Europe/Berlin] Processing notifications for user ID: 3
[08-Jun-2025 03:06:31 Europe/Berlin] Operation requested: get_unread_count
[08-Jun-2025 03:06:32 Europe/Berlin] Processing notifications for user ID: 3
[08-Jun-2025 03:06:32 Europe/Berlin] Operation requested: get_unread_count
[08-Jun-2025 03:06:32 Europe/Berlin] Processing notifications for user ID: 3
[08-Jun-2025 03:06:32 Europe/Berlin] Operation requested: get_unread_count
[08-Jun-2025 03:06:32 Europe/Berlin] Processing notifications for user ID: 3
[08-Jun-2025 03:06:32 Europe/Berlin] Operation requested: get_unread_count
[08-Jun-2025 03:06:32 Europe/Berlin] Processing notifications for user ID: 3
[08-Jun-2025 03:06:32 Europe/Berlin] Operation requested: get_unread_count
[08-Jun-2025 03:07:03 Europe/Berlin] Processing notifications for user ID: 3
[08-Jun-2025 03:07:03 Europe/Berlin] Operation requested: get_unread_count
[08-Jun-2025 03:07:33 Europe/Berlin] Processing notifications for user ID: 3
[08-Jun-2025 03:07:33 Europe/Berlin] Operation requested: get_unread_count
[08-Jun-2025 03:07:34 Europe/Berlin] Processing notifications for user ID: 3
[08-Jun-2025 03:07:34 Europe/Berlin] Operation requested: get_unread_count
[08-Jun-2025 03:07:45 Europe/Berlin] Processing notifications for user ID: 3
[08-Jun-2025 03:07:45 Europe/Berlin] Operation requested: get_unread_count
[08-Jun-2025 03:08:24 Europe/Berlin] Processing notifications for user ID: 3
[08-Jun-2025 03:08:24 Europe/Berlin] Operation requested: get_unread_count
[08-Jun-2025 03:08:54 Europe/Berlin] Processing notifications for user ID: 3
[08-Jun-2025 03:08:54 Europe/Berlin] Operation requested: get_unread_count
[08-Jun-2025 03:09:05 Europe/Berlin] Processing notifications for user ID: 3
[08-Jun-2025 03:09:05 Europe/Berlin] Operation requested: get_unread_count
[08-Jun-2025 03:09:06 Europe/Berlin] Processing notifications for user ID: 3
[08-Jun-2025 03:09:06 Europe/Berlin] Operation requested: get_unread_count
[08-Jun-2025 03:09:37 Europe/Berlin] Processing notifications for user ID: 3
[08-Jun-2025 03:09:37 Europe/Berlin] Operation requested: get_unread_count
[08-Jun-2025 03:09:46 Europe/Berlin] Processing notifications for user ID: 3
[08-Jun-2025 03:09:46 Europe/Berlin] Operation requested: get_unread_count
[08-Jun-2025 03:10:16 Europe/Berlin] Processing notifications for user ID: 3
[08-Jun-2025 03:10:16 Europe/Berlin] Operation requested: get_unread_count
[08-Jun-2025 03:10:35 Europe/Berlin] Processing notifications for user ID: 3
[08-Jun-2025 03:10:35 Europe/Berlin] Operation requested: get_unread_count
[08-Jun-2025 03:11:06 Europe/Berlin] Processing notifications for user ID: 3
[08-Jun-2025 03:11:06 Europe/Berlin] Operation requested: get_unread_count
[08-Jun-2025 03:11:35 Europe/Berlin] Processing notifications for user ID: 3
[08-Jun-2025 03:11:35 Europe/Berlin] Operation requested: get_unread_count
[08-Jun-2025 03:11:53 Europe/Berlin] Processing notifications for user ID: 3
[08-Jun-2025 03:11:53 Europe/Berlin] Operation requested: get_unread_count
[08-Jun-2025 03:12:24 Europe/Berlin] Processing notifications for user ID: 3
[08-Jun-2025 03:12:24 Europe/Berlin] Operation requested: get_unread_count
[08-Jun-2025 03:12:53 Europe/Berlin] Processing notifications for user ID: 3
[08-Jun-2025 03:12:53 Europe/Berlin] Operation requested: get_unread_count
[08-Jun-2025 03:13:23 Europe/Berlin] Processing notifications for user ID: 3
[08-Jun-2025 03:13:23 Europe/Berlin] Operation requested: get_unread_count
[08-Jun-2025 03:13:53 Europe/Berlin] Processing notifications for user ID: 3
[08-Jun-2025 03:13:53 Europe/Berlin] Operation requested: get_unread_count
[08-Jun-2025 03:14:05 Europe/Berlin] Processing notifications for user ID: 3
[08-Jun-2025 03:14:05 Europe/Berlin] Operation requested: get_unread_count
[08-Jun-2025 03:14:20 Europe/Berlin] Processing notifications for user ID: 3
[08-Jun-2025 03:14:20 Europe/Berlin] Operation requested: get_unread_count
[08-Jun-2025 03:14:39 Europe/Berlin] Processing notifications for user ID: 3
[08-Jun-2025 03:14:39 Europe/Berlin] Operation requested: get_unread_count
[08-Jun-2025 03:15:10 Europe/Berlin] Processing notifications for user ID: 3
[08-Jun-2025 03:15:10 Europe/Berlin] Operation requested: get_unread_count
[08-Jun-2025 03:15:30 Europe/Berlin] Processing notifications for user ID: 3
[08-Jun-2025 03:15:30 Europe/Berlin] Operation requested: get_unread_count
[08-Jun-2025 03:16:01 Europe/Berlin] Processing notifications for user ID: 3
[08-Jun-2025 03:16:01 Europe/Berlin] Operation requested: get_unread_count
[08-Jun-2025 03:16:31 Europe/Berlin] Processing notifications for user ID: 3
[08-Jun-2025 03:16:31 Europe/Berlin] Operation requested: get_unread_count
[08-Jun-2025 03:16:34 Europe/Berlin] Processing notifications for user ID: 3
[08-Jun-2025 03:16:34 Europe/Berlin] Operation requested: get_unread_count
[08-Jun-2025 03:17:05 Europe/Berlin] Processing notifications for user ID: 3
[08-Jun-2025 03:17:05 Europe/Berlin] Operation requested: get_unread_count
[08-Jun-2025 03:17:35 Europe/Berlin] Processing notifications for user ID: 3
[08-Jun-2025 03:17:35 Europe/Berlin] Operation requested: get_unread_count
[08-Jun-2025 03:17:37 Europe/Berlin] Processing notifications for user ID: 3
[08-Jun-2025 03:17:37 Europe/Berlin] Operation requested: get_unread_count
[08-Jun-2025 03:18:08 Europe/Berlin] Processing notifications for user ID: 3
[08-Jun-2025 03:18:08 Europe/Berlin] Operation requested: get_unread_count
[08-Jun-2025 03:18:38 Europe/Berlin] Processing notifications for user ID: 3
[08-Jun-2025 03:18:38 Europe/Berlin] Operation requested: get_unread_count
[08-Jun-2025 03:19:00 Europe/Berlin] Processing notifications for user ID: 3
[08-Jun-2025 03:19:00 Europe/Berlin] Operation requested: get_unread_count
[08-Jun-2025 03:19:14 Europe/Berlin] Processing notifications for user ID: 3
[08-Jun-2025 03:19:14 Europe/Berlin] Operation requested: get_unread_count
[08-Jun-2025 03:19:21 Europe/Berlin] Processing notifications for user ID: 3
[08-Jun-2025 03:19:21 Europe/Berlin] Operation requested: get_unread_count
[08-Jun-2025 03:19:51 Europe/Berlin] Processing notifications for user ID: 3
[08-Jun-2025 03:19:51 Europe/Berlin] Operation requested: get_unread_count
[08-Jun-2025 03:20:04 Europe/Berlin] Processing notifications for user ID: 3
[08-Jun-2025 03:20:04 Europe/Berlin] Operation requested: get_unread_count
[08-Jun-2025 03:20:34 Europe/Berlin] Processing notifications for user ID: 3
[08-Jun-2025 03:20:34 Europe/Berlin] Operation requested: get_unread_count
[08-Jun-2025 03:20:53 Europe/Berlin] Processing notifications for user ID: 3
[08-Jun-2025 03:20:53 Europe/Berlin] Operation requested: get_unread_count
[08-Jun-2025 03:21:02 Europe/Berlin] Processing notifications for user ID: 3
[08-Jun-2025 03:21:02 Europe/Berlin] Operation requested: get_unread_count
[08-Jun-2025 03:21:32 Europe/Berlin] Processing notifications for user ID: 3
[08-Jun-2025 03:21:32 Europe/Berlin] Operation requested: get_unread_count
[08-Jun-2025 03:21:51 Europe/Berlin] Processing notifications for user ID: 3
[08-Jun-2025 03:21:51 Europe/Berlin] Operation requested: get_unread_count
[08-Jun-2025 03:22:22 Europe/Berlin] Processing notifications for user ID: 3
[08-Jun-2025 03:22:22 Europe/Berlin] Operation requested: get_unread_count
[08-Jun-2025 03:22:52 Europe/Berlin] Processing notifications for user ID: 3
[08-Jun-2025 03:22:52 Europe/Berlin] Operation requested: get_unread_count
[08-Jun-2025 03:23:22 Europe/Berlin] Processing notifications for user ID: 3
[08-Jun-2025 03:23:22 Europe/Berlin] Operation requested: get_unread_count
[08-Jun-2025 03:23:53 Europe/Berlin] Processing notifications for user ID: 3
[08-Jun-2025 03:23:53 Europe/Berlin] Operation requested: get_unread_count
[08-Jun-2025 03:24:14 Europe/Berlin] Processing notifications for user ID: 3
[08-Jun-2025 03:24:14 Europe/Berlin] Operation requested: get_unread_count
[08-Jun-2025 03:24:44 Europe/Berlin] Processing notifications for user ID: 3
[08-Jun-2025 03:24:44 Europe/Berlin] Operation requested: get_unread_count
[08-Jun-2025 03:25:14 Europe/Berlin] Processing notifications for user ID: 3
[08-Jun-2025 03:25:14 Europe/Berlin] Operation requested: get_unread_count
[08-Jun-2025 03:25:22 Europe/Berlin] Processing notifications for user ID: 3
[08-Jun-2025 03:25:22 Europe/Berlin] Operation requested: get_unread_count
[08-Jun-2025 03:25:25 Europe/Berlin] Processing notifications for user ID: 3
[08-Jun-2025 03:25:25 Europe/Berlin] Operation requested: get_unread_count
[08-Jun-2025 03:25:40 Europe/Berlin] Processing notifications for user ID: 3
[08-Jun-2025 03:25:40 Europe/Berlin] Operation requested: get_unread_count
[08-Jun-2025 03:25:51 Europe/Berlin] Processing notifications for user ID: 3
[08-Jun-2025 03:25:51 Europe/Berlin] Operation requested: get_unread_count
[08-Jun-2025 03:25:52 Europe/Berlin] Processing notifications for user ID: 3
[08-Jun-2025 03:25:52 Europe/Berlin] Operation requested: get_unread_count
[08-Jun-2025 03:25:54 Europe/Berlin] Processing notifications for user ID: 3
[08-Jun-2025 03:25:54 Europe/Berlin] Operation requested: get_unread_count
[08-Jun-2025 03:26:11 Europe/Berlin] Processing notifications for user ID: 3
[08-Jun-2025 03:26:11 Europe/Berlin] Operation requested: get_unread_count
[08-Jun-2025 03:26:20 Europe/Berlin] Processing notifications for user ID: 3
[08-Jun-2025 03:26:20 Europe/Berlin] Operation requested: get_unread_count
[08-Jun-2025 03:26:31 Europe/Berlin] Processing notifications for user ID: 3
[08-Jun-2025 03:26:31 Europe/Berlin] Operation requested: get_unread_count
[08-Jun-2025 03:27:02 Europe/Berlin] Processing notifications for user ID: 3
[08-Jun-2025 03:27:02 Europe/Berlin] Operation requested: get_unread_count
[08-Jun-2025 03:27:26 Europe/Berlin] Processing notifications for user ID: 3
[08-Jun-2025 03:27:26 Europe/Berlin] Operation requested: get_unread_count
[08-Jun-2025 03:27:57 Europe/Berlin] Processing notifications for user ID: 3
[08-Jun-2025 03:27:57 Europe/Berlin] Operation requested: get_unread_count
[08-Jun-2025 03:28:27 Europe/Berlin] Processing notifications for user ID: 3
[08-Jun-2025 03:28:27 Europe/Berlin] Operation requested: get_unread_count
[08-Jun-2025 03:28:32 Europe/Berlin] Processing notifications for user ID: 3
[08-Jun-2025 03:28:32 Europe/Berlin] Operation requested: get_unread_count
[08-Jun-2025 03:28:34 Europe/Berlin] Processing notifications for user ID: 3
[08-Jun-2025 03:28:34 Europe/Berlin] Operation requested: get_unread_count
[08-Jun-2025 03:28:44 Europe/Berlin] Processing notifications for user ID: 3
[08-Jun-2025 03:28:44 Europe/Berlin] Operation requested: get_unread_count
[08-Jun-2025 03:29:15 Europe/Berlin] Processing notifications for user ID: 3
[08-Jun-2025 03:29:15 Europe/Berlin] Operation requested: get_unread_count
[08-Jun-2025 03:29:45 Europe/Berlin] Processing notifications for user ID: 3
[08-Jun-2025 03:29:45 Europe/Berlin] Operation requested: get_unread_count
[08-Jun-2025 03:30:03 Europe/Berlin] Processing notifications for user ID: 3
[08-Jun-2025 03:30:03 Europe/Berlin] Operation requested: get_unread_count
[08-Jun-2025 03:31:04 Europe/Berlin] Processing notifications for user ID: 3
[08-Jun-2025 03:31:04 Europe/Berlin] Operation requested: get_unread_count
[08-Jun-2025 03:31:06 Europe/Berlin] Processing notifications for user ID: 3
[08-Jun-2025 03:31:06 Europe/Berlin] Operation requested: get_unread_count
[08-Jun-2025 03:31:08 Europe/Berlin] Processing notifications for user ID: 3
[08-Jun-2025 03:31:08 Europe/Berlin] Operation requested: get_unread_count
[08-Jun-2025 03:31:39 Europe/Berlin] Processing notifications for user ID: 3
[08-Jun-2025 03:31:39 Europe/Berlin] Operation requested: get_unread_count
[08-Jun-2025 03:31:43 Europe/Berlin] Processing notifications for user ID: 3
[08-Jun-2025 03:31:43 Europe/Berlin] Operation requested: get_unread_count
[08-Jun-2025 03:34:28 Europe/Berlin] Processing notifications for user ID: 3
[08-Jun-2025 03:34:28 Europe/Berlin] Operation requested: get_unread_count
[08-Jun-2025 03:34:28 Europe/Berlin] Processing notifications for user ID: 3
[08-Jun-2025 03:34:28 Europe/Berlin] Operation requested: get_unread_count
[08-Jun-2025 03:34:34 Europe/Berlin] Processing notifications for user ID: 3
[08-Jun-2025 03:34:34 Europe/Berlin] Operation requested: get
[08-Jun-2025 03:34:34 Europe/Berlin] Formatting message for type: borrow_approved
[08-Jun-2025 03:34:34 Europe/Berlin] Processing notification: {"id":6,"user_id":3,"type":"borrow_approved","message":"Your request to borrow \"Dogeaters\" has been approved.","book_id":132,"is_read":0,"created_at":"2025-06-08 08:54:19","book_title":"Dogeaters"}
[08-Jun-2025 03:34:34 Europe/Berlin] Formatting message for type: borrow_rejected
[08-Jun-2025 03:34:34 Europe/Berlin] Processing notification: {"id":5,"user_id":3,"type":"borrow_rejected","message":"Your request to borrow \"Things Fall Apart\" has been rejected. Reason: Already Borrowed","book_id":141,"is_read":0,"created_at":"2025-06-08 08:54:13","book_title":"Things Fall Apart"}
[08-Jun-2025 03:34:34 Europe/Berlin] Formatting message for type: borrow_approved
[08-Jun-2025 03:34:34 Europe/Berlin] Processing notification: {"id":4,"user_id":3,"type":"borrow_approved","message":"Your request to borrow \"The Stranger\" has been approved.","book_id":142,"is_read":1,"created_at":"2025-06-08 08:42:26","book_title":"The Stranger"}
[08-Jun-2025 03:34:34 Europe/Berlin] Formatting message for type: return
[08-Jun-2025 03:34:34 Europe/Berlin] Processing notification: {"id":3,"user_id":3,"type":"return","message":"Your overdue book \"To Kill a Mockingbird\" has been marked as paid and returned.","book_id":136,"is_read":0,"created_at":"2025-06-08 08:14:30","book_title":"To Kill a Mockingbird"}
[08-Jun-2025 03:34:34 Europe/Berlin] Formatting message for type: return
[08-Jun-2025 03:34:34 Europe/Berlin] Processing notification: {"id":2,"user_id":3,"type":"return","message":"Your overdue book \"1984\" has been marked as paid and returned.","book_id":137,"is_read":0,"created_at":"2025-06-08 08:13:38","book_title":"1984"}
[08-Jun-2025 03:34:34 Europe/Berlin] Formatting message for type: return
[08-Jun-2025 03:34:34 Europe/Berlin] Processing notification: {"id":1,"user_id":3,"type":"return","message":"Your overdue book \"The Great Gatsby\" has been marked as paid and returned.","book_id":135,"is_read":1,"created_at":"2025-06-08 08:12:23","book_title":"The Great Gatsby"}
[08-Jun-2025 03:34:34 Europe/Berlin] Found 6 notifications
[08-Jun-2025 03:34:36 Europe/Berlin] Processing notifications for user ID: 3
[08-Jun-2025 03:34:36 Europe/Berlin] Operation requested: get_unread_count
[08-Jun-2025 03:34:37 Europe/Berlin] Processing notifications for user ID: 3
[08-Jun-2025 03:34:37 Europe/Berlin] Operation requested: get_unread_count
[08-Jun-2025 03:34:51 Europe/Berlin] Processing notifications for user ID: 3
[08-Jun-2025 03:34:51 Europe/Berlin] Operation requested: get_unread_count
[08-Jun-2025 03:34:52 Europe/Berlin] Processing notifications for user ID: 3
[08-Jun-2025 03:34:52 Europe/Berlin] Operation requested: get_unread_count
[08-Jun-2025 03:34:54 Europe/Berlin] Processing notifications for user ID: 3
[08-Jun-2025 03:34:54 Europe/Berlin] Operation requested: get
[08-Jun-2025 03:34:54 Europe/Berlin] Formatting message for type: borrow_approved
[08-Jun-2025 03:34:54 Europe/Berlin] Processing notification: {"id":6,"user_id":3,"type":"borrow_approved","message":"Your request to borrow \"Dogeaters\" has been approved.","book_id":132,"is_read":0,"created_at":"2025-06-08 08:54:19","book_title":"Dogeaters"}
[08-Jun-2025 03:34:54 Europe/Berlin] Formatting message for type: borrow_rejected
[08-Jun-2025 03:34:54 Europe/Berlin] Processing notification: {"id":5,"user_id":3,"type":"borrow_rejected","message":"Your request to borrow \"Things Fall Apart\" has been rejected. Reason: Already Borrowed","book_id":141,"is_read":0,"created_at":"2025-06-08 08:54:13","book_title":"Things Fall Apart"}
[08-Jun-2025 03:34:54 Europe/Berlin] Formatting message for type: borrow_approved
[08-Jun-2025 03:34:54 Europe/Berlin] Processing notification: {"id":4,"user_id":3,"type":"borrow_approved","message":"Your request to borrow \"The Stranger\" has been approved.","book_id":142,"is_read":1,"created_at":"2025-06-08 08:42:26","book_title":"The Stranger"}
[08-Jun-2025 03:34:54 Europe/Berlin] Formatting message for type: return
[08-Jun-2025 03:34:54 Europe/Berlin] Processing notification: {"id":3,"user_id":3,"type":"return","message":"Your overdue book \"To Kill a Mockingbird\" has been marked as paid and returned.","book_id":136,"is_read":0,"created_at":"2025-06-08 08:14:30","book_title":"To Kill a Mockingbird"}
[08-Jun-2025 03:34:54 Europe/Berlin] Formatting message for type: return
[08-Jun-2025 03:34:54 Europe/Berlin] Processing notification: {"id":2,"user_id":3,"type":"return","message":"Your overdue book \"1984\" has been marked as paid and returned.","book_id":137,"is_read":0,"created_at":"2025-06-08 08:13:38","book_title":"1984"}
[08-Jun-2025 03:34:54 Europe/Berlin] Formatting message for type: return
[08-Jun-2025 03:34:54 Europe/Berlin] Processing notification: {"id":1,"user_id":3,"type":"return","message":"Your overdue book \"The Great Gatsby\" has been marked as paid and returned.","book_id":135,"is_read":1,"created_at":"2025-06-08 08:12:23","book_title":"The Great Gatsby"}
[08-Jun-2025 03:34:54 Europe/Berlin] Found 6 notifications
[08-Jun-2025 03:34:59 Europe/Berlin] Processing notifications for user ID: 3
[08-Jun-2025 03:34:59 Europe/Berlin] Operation requested: get_unread_count
[08-Jun-2025 03:35:30 Europe/Berlin] Processing notifications for user ID: 3
[08-Jun-2025 03:35:30 Europe/Berlin] Operation requested: get_unread_count
[08-Jun-2025 03:36:00 Europe/Berlin] Processing notifications for user ID: 3
[08-Jun-2025 03:36:00 Europe/Berlin] Operation requested: get_unread_count
[08-Jun-2025 03:36:05 Europe/Berlin] Processing notifications for user ID: 3
[08-Jun-2025 03:36:05 Europe/Berlin] Operation requested: get_unread_count
[08-Jun-2025 03:36:36 Europe/Berlin] Processing notifications for user ID: 3
[08-Jun-2025 03:36:36 Europe/Berlin] Operation requested: get_unread_count
[08-Jun-2025 03:37:06 Europe/Berlin] Processing notifications for user ID: 3
[08-Jun-2025 03:37:06 Europe/Berlin] Operation requested: get_unread_count
[08-Jun-2025 03:37:36 Europe/Berlin] Processing notifications for user ID: 3
[08-Jun-2025 03:37:36 Europe/Berlin] Operation requested: get_unread_count
[08-Jun-2025 03:37:48 Europe/Berlin] Processing notifications for user ID: 3
[08-Jun-2025 03:37:48 Europe/Berlin] Operation requested: get_unread_count
[08-Jun-2025 03:38:19 Europe/Berlin] Processing notifications for user ID: 3
[08-Jun-2025 03:38:19 Europe/Berlin] Operation requested: get_unread_count
[08-Jun-2025 03:38:49 Europe/Berlin] Processing notifications for user ID: 3
[08-Jun-2025 03:38:49 Europe/Berlin] Operation requested: get_unread_count
[08-Jun-2025 03:39:18 Europe/Berlin] Processing notifications for user ID: 3
[08-Jun-2025 03:39:18 Europe/Berlin] Operation requested: get_unread_count
[08-Jun-2025 03:39:48 Europe/Berlin] Processing notifications for user ID: 3
[08-Jun-2025 03:39:48 Europe/Berlin] Operation requested: get_unread_count
[08-Jun-2025 03:40:18 Europe/Berlin] Processing notifications for user ID: 3
[08-Jun-2025 03:40:18 Europe/Berlin] Operation requested: get_unread_count
[08-Jun-2025 03:40:48 Europe/Berlin] Processing notifications for user ID: 3
[08-Jun-2025 03:40:48 Europe/Berlin] Operation requested: get_unread_count
[08-Jun-2025 03:41:19 Europe/Berlin] Processing notifications for user ID: 3
[08-Jun-2025 03:41:19 Europe/Berlin] Operation requested: get_unread_count
[08-Jun-2025 03:41:29 Europe/Berlin] Processing notifications for user ID: 3
[08-Jun-2025 03:41:29 Europe/Berlin] Operation requested: get_unread_count
[08-Jun-2025 03:41:30 Europe/Berlin] Processing notifications for user ID: 3
[08-Jun-2025 03:41:30 Europe/Berlin] Operation requested: get_unread_count
[08-Jun-2025 03:41:50 Europe/Berlin] Processing notifications for user ID: 3
[08-Jun-2025 03:41:50 Europe/Berlin] Operation requested: get_unread_count
[08-Jun-2025 03:42:09 Europe/Berlin] Processing notifications for user ID: 3
[08-Jun-2025 03:42:09 Europe/Berlin] Operation requested: get_unread_count
[08-Jun-2025 03:42:38 Europe/Berlin] Processing notifications for user ID: 3
[08-Jun-2025 03:42:38 Europe/Berlin] Operation requested: get_unread_count
[08-Jun-2025 03:42:49 Europe/Berlin] Processing notifications for user ID: 3
[08-Jun-2025 03:42:49 Europe/Berlin] Operation requested: get_unread_count
[08-Jun-2025 03:42:51 Europe/Berlin] Processing notifications for user ID: 3
[08-Jun-2025 03:42:51 Europe/Berlin] Operation requested: get_unread_count
[08-Jun-2025 03:43:22 Europe/Berlin] Processing notifications for user ID: 3
[08-Jun-2025 03:43:22 Europe/Berlin] Operation requested: get_unread_count
[08-Jun-2025 03:43:41 Europe/Berlin] Processing notifications for user ID: 3
[08-Jun-2025 03:43:41 Europe/Berlin] Operation requested: get_unread_count
[08-Jun-2025 03:43:51 Europe/Berlin] Processing notifications for user ID: 3
[08-Jun-2025 03:43:51 Europe/Berlin] Operation requested: get_unread_count
[08-Jun-2025 03:44:21 Europe/Berlin] Processing notifications for user ID: 3
[08-Jun-2025 03:44:21 Europe/Berlin] Operation requested: get_unread_count
[08-Jun-2025 03:44:51 Europe/Berlin] Processing notifications for user ID: 3
[08-Jun-2025 03:44:51 Europe/Berlin] Operation requested: get_unread_count
[08-Jun-2025 03:45:21 Europe/Berlin] Processing notifications for user ID: 3
[08-Jun-2025 03:45:21 Europe/Berlin] Operation requested: get_unread_count
[08-Jun-2025 03:45:23 Europe/Berlin] Processing notifications for user ID: 3
[08-Jun-2025 03:45:23 Europe/Berlin] Operation requested: get_unread_count
[08-Jun-2025 03:45:32 Europe/Berlin] Processing notifications for user ID: 3
[08-Jun-2025 03:45:32 Europe/Berlin] Operation requested: get_unread_count
[08-Jun-2025 03:45:36 Europe/Berlin] Processing notifications for user ID: 3
[08-Jun-2025 03:45:36 Europe/Berlin] Operation requested: get_unread_count
[08-Jun-2025 03:46:07 Europe/Berlin] Processing notifications for user ID: 3
[08-Jun-2025 03:46:07 Europe/Berlin] Operation requested: get_unread_count
[08-Jun-2025 03:46:34 Europe/Berlin] Processing notifications for user ID: 3
[08-Jun-2025 03:46:34 Europe/Berlin] Operation requested: get_unread_count
[08-Jun-2025 03:46:35 Europe/Berlin] Processing notifications for user ID: 3
[08-Jun-2025 03:46:35 Europe/Berlin] Operation requested: get_unread_count
[08-Jun-2025 03:46:43 Europe/Berlin] Processing notifications for user ID: 3
[08-Jun-2025 03:46:43 Europe/Berlin] Operation requested: get_unread_count
[08-Jun-2025 03:46:44 Europe/Berlin] Processing notifications for user ID: 3
[08-Jun-2025 03:46:44 Europe/Berlin] Operation requested: get_unread_count
[08-Jun-2025 03:46:46 Europe/Berlin] Processing notifications for user ID: 3
[08-Jun-2025 03:46:46 Europe/Berlin] Operation requested: get_unread_count
[08-Jun-2025 03:46:56 Europe/Berlin] Processing notifications for user ID: 3
[08-Jun-2025 03:46:56 Europe/Berlin] Operation requested: get_unread_count
[08-Jun-2025 03:47:05 Europe/Berlin] Processing notifications for user ID: 3
[08-Jun-2025 03:47:05 Europe/Berlin] Operation requested: get_unread_count
[08-Jun-2025 03:47:08 Europe/Berlin] Processing notifications for user ID: 3
[08-Jun-2025 03:47:08 Europe/Berlin] Operation requested: get_unread_count
[08-Jun-2025 03:47:38 Europe/Berlin] Processing notifications for user ID: 3
[08-Jun-2025 03:47:38 Europe/Berlin] Operation requested: get_unread_count
[08-Jun-2025 03:48:08 Europe/Berlin] Processing notifications for user ID: 3
[08-Jun-2025 03:48:08 Europe/Berlin] Operation requested: get_unread_count
[08-Jun-2025 03:48:11 Europe/Berlin] Processing notifications for user ID: 3
[08-Jun-2025 03:48:11 Europe/Berlin] Operation requested: get_unread_count
[08-Jun-2025 03:48:28 Europe/Berlin] Processing notifications for user ID: 3
[08-Jun-2025 03:48:28 Europe/Berlin] Operation requested: get_unread_count
[08-Jun-2025 03:48:29 Europe/Berlin] Processing notifications for user ID: 3
[08-Jun-2025 03:48:29 Europe/Berlin] Operation requested: get_unread_count
[08-Jun-2025 03:48:32 Europe/Berlin] Processing notifications for user ID: 3
[08-Jun-2025 03:48:32 Europe/Berlin] Operation requested: get_unread_count
[08-Jun-2025 03:48:34 Europe/Berlin] Processing notifications for user ID: 3
[08-Jun-2025 03:48:34 Europe/Berlin] Operation requested: get_unread_count
[08-Jun-2025 03:48:42 Europe/Berlin] Processing notifications for user ID: 3
[08-Jun-2025 03:48:42 Europe/Berlin] Operation requested: get_unread_count
[08-Jun-2025 03:48:44 Europe/Berlin] Processing notifications for user ID: 3
[08-Jun-2025 03:48:44 Europe/Berlin] Operation requested: get_unread_count
[08-Jun-2025 03:48:49 Europe/Berlin] Processing notifications for user ID: 3
[08-Jun-2025 03:48:49 Europe/Berlin] Operation requested: get_unread_count
[08-Jun-2025 03:49:19 Europe/Berlin] Processing notifications for user ID: 3
[08-Jun-2025 03:49:19 Europe/Berlin] Operation requested: get_unread_count
[08-Jun-2025 03:49:20 Europe/Berlin] Processing notifications for user ID: 3
[08-Jun-2025 03:49:20 Europe/Berlin] Operation requested: get_unread_count
[08-Jun-2025 03:49:51 Europe/Berlin] Processing notifications for user ID: 3
[08-Jun-2025 03:49:51 Europe/Berlin] Operation requested: get_unread_count
[08-Jun-2025 03:50:19 Europe/Berlin] Processing notifications for user ID: 3
[08-Jun-2025 03:50:19 Europe/Berlin] Operation requested: get_unread_count
[08-Jun-2025 03:50:21 Europe/Berlin] Processing notifications for user ID: 3
[08-Jun-2025 03:50:21 Europe/Berlin] Operation requested: get_unread_count
[08-Jun-2025 03:50:22 Europe/Berlin] Processing notifications for user ID: 3
[08-Jun-2025 03:50:22 Europe/Berlin] Operation requested: get_unread_count
[08-Jun-2025 03:50:27 Europe/Berlin] Processing notifications for user ID: 3
[08-Jun-2025 03:50:27 Europe/Berlin] Operation requested: get_unread_count
[08-Jun-2025 03:50:29 Europe/Berlin] Processing notifications for user ID: 3
[08-Jun-2025 03:50:29 Europe/Berlin] Operation requested: get_unread_count
[08-Jun-2025 03:50:29 Europe/Berlin] Processing notifications for user ID: 3
[08-Jun-2025 03:50:29 Europe/Berlin] Operation requested: get_unread_count
[08-Jun-2025 03:50:32 Europe/Berlin] Processing notifications for user ID: 3
[08-Jun-2025 03:50:32 Europe/Berlin] Operation requested: get_unread_count
[08-Jun-2025 03:51:02 Europe/Berlin] Processing notifications for user ID: 3
[08-Jun-2025 03:51:02 Europe/Berlin] Operation requested: get_unread_count
[08-Jun-2025 03:51:13 Europe/Berlin] Processing notifications for user ID: 3
[08-Jun-2025 03:51:13 Europe/Berlin] Operation requested: get_unread_count
[08-Jun-2025 03:51:25 Europe/Berlin] Processing notifications for user ID: 3
[08-Jun-2025 03:51:25 Europe/Berlin] Operation requested: get_unread_count
