[10-Jun-2025 00:59:39 Europe/Berlin] POST data: Array
(
    [book_id] => 162
)

[10-Jun-2025 00:59:39 Europe/Berlin] Session data: Array
(
    [user_id] => 4
    [email] => alvin@nu.com
    [first_name] => Alvin
    [last_name] => Malabaguio
    [role] => user
    [avatar_url] => ../homepage/images/default_avatar.jpg
)

[10-Jun-2025 00:59:39 Europe/Berlin] Filtered book_id: 162
[10-Jun-2025 00:59:39 Europe/Berlin] Processing request for user_id: 4, book_id: 162
[10-Jun-2025 00:59:39 Europe/Berlin] Found 1 matching records
[10-Jun-2025 00:59:39 Europe/Berlin] Delete operation result: success
[10-Jun-2025 00:59:39 Europe/Berlin] Affected rows: 1
[10-Jun-2025 00:59:40 Europe/Berlin] POST data: Array
(
    [book_id] => 162
)

[10-Jun-2025 00:59:40 Europe/Berlin] Session data: Array
(
    [user_id] => 4
    [email] => alvin@nu.com
    [first_name] => Alvin
    [last_name] => Malabaguio
    [role] => user
    [avatar_url] => ../homepage/images/default_avatar.jpg
)

[10-Jun-2025 00:59:40 Europe/Berlin] Filtered book_id: 162
[10-Jun-2025 00:59:40 Europe/Berlin] Processing request for user_id: 4, book_id: 162
[10-Jun-2025 00:59:40 Europe/Berlin] Found 0 matching records
[10-Jun-2025 00:59:40 Europe/Berlin] No matching record found for book_id: 162, user_id: 4
[10-Jun-2025 01:00:36 Europe/Berlin] POST data: Array
(
    [book_id] => 165
)

[10-Jun-2025 01:00:36 Europe/Berlin] Session data: Array
(
    [user_id] => 4
    [email] => alvin@nu.com
    [first_name] => Alvin
    [last_name] => Malabaguio
    [role] => user
    [avatar_url] => ../homepage/images/default_avatar.jpg
)

[10-Jun-2025 01:00:36 Europe/Berlin] Filtered book_id: 165
[10-Jun-2025 01:00:36 Europe/Berlin] Processing request for user_id: 4, book_id: 165
[10-Jun-2025 01:00:36 Europe/Berlin] Found 1 matching records
[10-Jun-2025 01:00:36 Europe/Berlin] Delete operation result: success
[10-Jun-2025 01:00:36 Europe/Berlin] Affected rows: 1
[10-Jun-2025 01:00:37 Europe/Berlin] POST data: Array
(
    [book_id] => 165
)

[10-Jun-2025 01:00:37 Europe/Berlin] Session data: Array
(
    [user_id] => 4
    [email] => alvin@nu.com
    [first_name] => Alvin
    [last_name] => Malabaguio
    [role] => user
    [avatar_url] => ../homepage/images/default_avatar.jpg
)

[10-Jun-2025 01:00:37 Europe/Berlin] Filtered book_id: 165
[10-Jun-2025 01:00:37 Europe/Berlin] Processing request for user_id: 4, book_id: 165
[10-Jun-2025 01:00:37 Europe/Berlin] Found 0 matching records
[10-Jun-2025 01:00:37 Europe/Berlin] No matching record found for book_id: 165, user_id: 4
[10-Jun-2025 01:01:11 Europe/Berlin] POST data: Array
(
    [book_id] => 164
)

[10-Jun-2025 01:01:11 Europe/Berlin] Session data: Array
(
    [user_id] => 4
    [email] => alvin@nu.com
    [first_name] => Alvin
    [last_name] => Malabaguio
    [role] => user
    [avatar_url] => ../homepage/images/default_avatar.jpg
)

[10-Jun-2025 01:01:11 Europe/Berlin] Filtered book_id: 164
[10-Jun-2025 01:01:11 Europe/Berlin] Processing request for user_id: 4, book_id: 164
[10-Jun-2025 01:01:11 Europe/Berlin] Found 1 matching records
[10-Jun-2025 01:01:11 Europe/Berlin] Delete operation result: success
[10-Jun-2025 01:01:11 Europe/Berlin] Affected rows: 1
[10-Jun-2025 01:03:09 Europe/Berlin] POST data: Array
(
    [book_id] => 167
)

[10-Jun-2025 01:03:09 Europe/Berlin] Session data: Array
(
    [user_id] => 4
    [email] => alvin@nu.com
    [first_name] => Alvin
    [last_name] => Malabaguio
    [role] => user
    [avatar_url] => ../homepage/images/default_avatar.jpg
)

[10-Jun-2025 01:03:09 Europe/Berlin] Filtered book_id: 167
[10-Jun-2025 01:03:09 Europe/Berlin] Processing request for user_id: 4, book_id: 167
[10-Jun-2025 01:03:09 Europe/Berlin] Found 1 matching records
[10-Jun-2025 01:03:09 Europe/Berlin] Delete operation result: success
[10-Jun-2025 01:03:09 Europe/Berlin] Affected rows: 1
[10-Jun-2025 01:04:46 Europe/Berlin] POST data: Array
(
    [book_id] => 166
)

[10-Jun-2025 01:04:46 Europe/Berlin] Session data: Array
(
    [user_id] => 4
    [email] => alvin@nu.com
    [first_name] => Alvin
    [last_name] => Malabaguio
    [role] => user
    [avatar_url] => ../homepage/images/default_avatar.jpg
)

[10-Jun-2025 01:04:46 Europe/Berlin] Filtered book_id: 166
[10-Jun-2025 01:04:46 Europe/Berlin] Processing request for user_id: 4, book_id: 166
[10-Jun-2025 01:04:46 Europe/Berlin] Found 1 matching records
[10-Jun-2025 01:04:46 Europe/Berlin] Delete operation result: success
[10-Jun-2025 01:04:46 Europe/Berlin] Affected rows: 1
[10-Jun-2025 01:05:35 Europe/Berlin] POST data: Array
(
    [book_id] => 169
)

[10-Jun-2025 01:05:35 Europe/Berlin] Session data: Array
(
    [user_id] => 4
    [email] => alvin@nu.com
    [first_name] => Alvin
    [last_name] => Malabaguio
    [role] => user
    [avatar_url] => ../homepage/images/default_avatar.jpg
)

[10-Jun-2025 01:05:35 Europe/Berlin] Filtered book_id: 169
[10-Jun-2025 01:05:35 Europe/Berlin] Processing request for user_id: 4, book_id: 169
[10-Jun-2025 01:05:35 Europe/Berlin] Found 1 matching records
[10-Jun-2025 01:05:35 Europe/Berlin] Delete operation result: success
[10-Jun-2025 01:05:35 Europe/Berlin] Affected rows: 1
[10-Jun-2025 01:07:21 Europe/Berlin] POST data: Array
(
    [book_id] => 168
)

[10-Jun-2025 01:07:21 Europe/Berlin] Session data: Array
(
    [user_id] => 4
    [email] => alvin@nu.com
    [first_name] => Alvin
    [last_name] => Malabaguio
    [role] => user
    [avatar_url] => ../homepage/images/default_avatar.jpg
)

[10-Jun-2025 01:07:21 Europe/Berlin] Filtered book_id: 168
[10-Jun-2025 01:07:21 Europe/Berlin] Processing request for user_id: 4, book_id: 168
[10-Jun-2025 01:07:21 Europe/Berlin] Found 1 matching records
[10-Jun-2025 01:07:21 Europe/Berlin] Delete operation result: success
[10-Jun-2025 01:07:21 Europe/Berlin] Affected rows: 1
[10-Jun-2025 01:32:11 Europe/Berlin] POST data: Array
(
    [book_id] => 171
)

[10-Jun-2025 01:32:11 Europe/Berlin] Session data: Array
(
    [user_id] => 4
    [email] => alvin@nu.com
    [first_name] => Alvin
    [last_name] => Malabaguio
    [role] => user
    [avatar_url] => ../homepage/images/default_avatar.jpg
)

[10-Jun-2025 01:32:11 Europe/Berlin] Filtered book_id: 171
[10-Jun-2025 01:32:11 Europe/Berlin] Processing request for user_id: 4, book_id: 171
[10-Jun-2025 01:32:11 Europe/Berlin] Found 1 matching records
[10-Jun-2025 01:32:11 Europe/Berlin] Delete operation result: success
[10-Jun-2025 01:32:11 Europe/Berlin] Affected rows: 1
[10-Jun-2025 02:01:21 Europe/Berlin] POST data: Array
(
    [book_id] => 176
)

[10-Jun-2025 02:01:21 Europe/Berlin] Session data: Array
(
    [user_id] => 4
    [email] => alvin@nu.com
    [first_name] => Alvin
    [last_name] => Malabaguio
    [role] => user
    [avatar_url] => ../homepage/images/default_avatar.jpg
)

[10-Jun-2025 02:01:21 Europe/Berlin] Filtered book_id: 176
[10-Jun-2025 02:01:21 Europe/Berlin] Processing request for user_id: 4, book_id: 176
[10-Jun-2025 02:01:21 Europe/Berlin] Found 1 matching records
[10-Jun-2025 02:01:21 Europe/Berlin] Delete operation result: success
[10-Jun-2025 02:01:21 Europe/Berlin] Affected rows: 1
[10-Jun-2025 02:01:39 Europe/Berlin] POST data: Array
(
    [book_id] => 175
)

[10-Jun-2025 02:01:39 Europe/Berlin] Session data: Array
(
    [user_id] => 4
    [email] => alvin@nu.com
    [first_name] => Alvin
    [last_name] => Malabaguio
    [role] => user
    [avatar_url] => ../homepage/images/default_avatar.jpg
)

[10-Jun-2025 02:01:39 Europe/Berlin] Filtered book_id: 175
[10-Jun-2025 02:01:39 Europe/Berlin] Processing request for user_id: 4, book_id: 175
[10-Jun-2025 02:01:39 Europe/Berlin] Found 1 matching records
[10-Jun-2025 02:01:39 Europe/Berlin] Delete operation result: success
[10-Jun-2025 02:01:39 Europe/Berlin] Affected rows: 1
[10-Jun-2025 02:08:08 Europe/Berlin] POST data: Array
(
    [book_id] => 186
)

[10-Jun-2025 02:08:08 Europe/Berlin] Session data: Array
(
    [user_id] => 4
    [email] => alvin@nu.com
    [first_name] => Alvin
    [last_name] => Malabaguio
    [role] => user
    [avatar_url] => ../homepage/images/default_avatar.jpg
)

[10-Jun-2025 02:08:08 Europe/Berlin] Filtered book_id: 186
[10-Jun-2025 02:08:08 Europe/Berlin] Processing request for user_id: 4, book_id: 186
[10-Jun-2025 02:08:08 Europe/Berlin] Found 1 matching records
[10-Jun-2025 02:08:08 Europe/Berlin] Delete operation result: success
[10-Jun-2025 02:08:08 Europe/Berlin] Affected rows: 1
[10-Jun-2025 02:09:43 Europe/Berlin] POST data: Array
(
    [book_id] => 185
)

[10-Jun-2025 02:09:43 Europe/Berlin] Session data: Array
(
    [user_id] => 4
    [email] => alvin@nu.com
    [first_name] => Alvin
    [last_name] => Malabaguio
    [role] => user
    [avatar_url] => ../homepage/images/default_avatar.jpg
)

[10-Jun-2025 02:09:43 Europe/Berlin] Filtered book_id: 185
[10-Jun-2025 02:09:43 Europe/Berlin] Processing request for user_id: 4, book_id: 185
[10-Jun-2025 02:09:43 Europe/Berlin] Found 1 matching records
[10-Jun-2025 02:09:43 Europe/Berlin] Delete operation result: success
[10-Jun-2025 02:09:43 Europe/Berlin] Affected rows: 1
[10-Jun-2025 02:11:03 Europe/Berlin] POST data: Array
(
    [book_id] => 184
)

[10-Jun-2025 02:11:03 Europe/Berlin] Session data: Array
(
    [user_id] => 4
    [email] => alvin@nu.com
    [first_name] => Alvin
    [last_name] => Malabaguio
    [role] => user
    [avatar_url] => ../homepage/images/default_avatar.jpg
)

[10-Jun-2025 02:11:03 Europe/Berlin] Filtered book_id: 184
[10-Jun-2025 02:11:03 Europe/Berlin] Processing request for user_id: 4, book_id: 184
[10-Jun-2025 02:11:03 Europe/Berlin] Found 1 matching records
[10-Jun-2025 02:11:03 Europe/Berlin] Delete operation result: success
[10-Jun-2025 02:11:03 Europe/Berlin] Affected rows: 1
[10-Jun-2025 02:11:05 Europe/Berlin] POST data: Array
(
    [book_id] => 183
)

[10-Jun-2025 02:11:05 Europe/Berlin] Session data: Array
(
    [user_id] => 4
    [email] => alvin@nu.com
    [first_name] => Alvin
    [last_name] => Malabaguio
    [role] => user
    [avatar_url] => ../homepage/images/default_avatar.jpg
)

[10-Jun-2025 02:11:05 Europe/Berlin] Filtered book_id: 183
[10-Jun-2025 02:11:05 Europe/Berlin] Processing request for user_id: 4, book_id: 183
[10-Jun-2025 02:11:05 Europe/Berlin] Found 1 matching records
[10-Jun-2025 02:11:05 Europe/Berlin] Delete operation result: success
[10-Jun-2025 02:11:05 Europe/Berlin] Affected rows: 1
[10-Jun-2025 02:11:16 Europe/Berlin] POST data: Array
(
    [book_id] => 182
)

[10-Jun-2025 02:11:16 Europe/Berlin] Session data: Array
(
    [user_id] => 4
    [email] => alvin@nu.com
    [first_name] => Alvin
    [last_name] => Malabaguio
    [role] => user
    [avatar_url] => ../homepage/images/default_avatar.jpg
)

[10-Jun-2025 02:11:16 Europe/Berlin] Filtered book_id: 182
[10-Jun-2025 02:11:16 Europe/Berlin] Processing request for user_id: 4, book_id: 182
[10-Jun-2025 02:11:16 Europe/Berlin] Found 1 matching records
[10-Jun-2025 02:11:16 Europe/Berlin] Delete operation result: success
[10-Jun-2025 02:11:16 Europe/Berlin] Affected rows: 1
[10-Jun-2025 02:11:18 Europe/Berlin] POST data: Array
(
    [book_id] => 181
)

[10-Jun-2025 02:11:18 Europe/Berlin] Session data: Array
(
    [user_id] => 4
    [email] => alvin@nu.com
    [first_name] => Alvin
    [last_name] => Malabaguio
    [role] => user
    [avatar_url] => ../homepage/images/default_avatar.jpg
)

[10-Jun-2025 02:11:18 Europe/Berlin] Filtered book_id: 181
[10-Jun-2025 02:11:18 Europe/Berlin] Processing request for user_id: 4, book_id: 181
[10-Jun-2025 02:11:18 Europe/Berlin] Found 1 matching records
[10-Jun-2025 02:11:18 Europe/Berlin] Delete operation result: success
[10-Jun-2025 02:11:18 Europe/Berlin] Affected rows: 1
[10-Jun-2025 02:12:42 Europe/Berlin] POST data: Array
(
    [book_id] => 188
)

[10-Jun-2025 02:12:42 Europe/Berlin] Session data: Array
(
    [user_id] => 4
    [email] => alvin@nu.com
    [first_name] => Alvin
    [last_name] => Malabaguio
    [role] => user
    [avatar_url] => ../homepage/images/default_avatar.jpg
)

[10-Jun-2025 02:12:42 Europe/Berlin] Filtered book_id: 188
[10-Jun-2025 02:12:42 Europe/Berlin] Processing request for user_id: 4, book_id: 188
[10-Jun-2025 02:12:42 Europe/Berlin] Found 1 matching records
[10-Jun-2025 02:12:42 Europe/Berlin] Delete operation result: success
[10-Jun-2025 02:12:42 Europe/Berlin] Affected rows: 1
[10-Jun-2025 02:12:44 Europe/Berlin] POST data: Array
(
    [book_id] => 187
)

[10-Jun-2025 02:12:44 Europe/Berlin] Session data: Array
(
    [user_id] => 4
    [email] => alvin@nu.com
    [first_name] => Alvin
    [last_name] => Malabaguio
    [role] => user
    [avatar_url] => ../homepage/images/default_avatar.jpg
)

[10-Jun-2025 02:12:44 Europe/Berlin] Filtered book_id: 187
[10-Jun-2025 02:12:44 Europe/Berlin] Processing request for user_id: 4, book_id: 187
[10-Jun-2025 02:12:44 Europe/Berlin] Found 1 matching records
[10-Jun-2025 02:12:44 Europe/Berlin] Delete operation result: success
[10-Jun-2025 02:12:44 Europe/Berlin] Affected rows: 1
[10-Jun-2025 02:14:39 Europe/Berlin] POST data: Array
(
    [book_id] => 196
)

[10-Jun-2025 02:14:39 Europe/Berlin] Session data: Array
(
    [user_id] => 4
    [email] => alvin@nu.com
    [first_name] => Alvin
    [last_name] => Malabaguio
    [role] => user
    [avatar_url] => ../homepage/images/default_avatar.jpg
)

[10-Jun-2025 02:14:39 Europe/Berlin] Filtered book_id: 196
[10-Jun-2025 02:14:39 Europe/Berlin] Processing request for user_id: 4, book_id: 196
[10-Jun-2025 02:14:39 Europe/Berlin] Found 1 matching records
[10-Jun-2025 02:14:39 Europe/Berlin] Delete operation result: success
[10-Jun-2025 02:14:39 Europe/Berlin] Affected rows: 1
[10-Jun-2025 02:14:41 Europe/Berlin] POST data: Array
(
    [book_id] => 195
)

[10-Jun-2025 02:14:41 Europe/Berlin] Session data: Array
(
    [user_id] => 4
    [email] => alvin@nu.com
    [first_name] => Alvin
    [last_name] => Malabaguio
    [role] => user
    [avatar_url] => ../homepage/images/default_avatar.jpg
)

[10-Jun-2025 02:14:41 Europe/Berlin] Filtered book_id: 195
[10-Jun-2025 02:14:41 Europe/Berlin] Processing request for user_id: 4, book_id: 195
[10-Jun-2025 02:14:41 Europe/Berlin] Found 1 matching records
[10-Jun-2025 02:14:41 Europe/Berlin] Delete operation result: success
[10-Jun-2025 02:14:41 Europe/Berlin] Affected rows: 1
[10-Jun-2025 02:14:43 Europe/Berlin] POST data: Array
(
    [book_id] => 194
)

[10-Jun-2025 02:14:43 Europe/Berlin] Session data: Array
(
    [user_id] => 4
    [email] => alvin@nu.com
    [first_name] => Alvin
    [last_name] => Malabaguio
    [role] => user
    [avatar_url] => ../homepage/images/default_avatar.jpg
)

[10-Jun-2025 02:14:43 Europe/Berlin] Filtered book_id: 194
[10-Jun-2025 02:14:43 Europe/Berlin] Processing request for user_id: 4, book_id: 194
[10-Jun-2025 02:14:43 Europe/Berlin] Found 1 matching records
[10-Jun-2025 02:14:43 Europe/Berlin] Delete operation result: success
[10-Jun-2025 02:14:43 Europe/Berlin] Affected rows: 1
[10-Jun-2025 02:14:45 Europe/Berlin] POST data: Array
(
    [book_id] => 193
)

[10-Jun-2025 02:14:45 Europe/Berlin] Session data: Array
(
    [user_id] => 4
    [email] => alvin@nu.com
    [first_name] => Alvin
    [last_name] => Malabaguio
    [role] => user
    [avatar_url] => ../homepage/images/default_avatar.jpg
)

[10-Jun-2025 02:14:45 Europe/Berlin] Filtered book_id: 193
[10-Jun-2025 02:14:45 Europe/Berlin] Processing request for user_id: 4, book_id: 193
[10-Jun-2025 02:14:45 Europe/Berlin] Found 1 matching records
[10-Jun-2025 02:14:45 Europe/Berlin] Delete operation result: success
[10-Jun-2025 02:14:45 Europe/Berlin] Affected rows: 1
[10-Jun-2025 02:14:46 Europe/Berlin] POST data: Array
(
    [book_id] => 192
)

[10-Jun-2025 02:14:46 Europe/Berlin] Session data: Array
(
    [user_id] => 4
    [email] => alvin@nu.com
    [first_name] => Alvin
    [last_name] => Malabaguio
    [role] => user
    [avatar_url] => ../homepage/images/default_avatar.jpg
)

[10-Jun-2025 02:14:46 Europe/Berlin] Filtered book_id: 192
[10-Jun-2025 02:14:46 Europe/Berlin] Processing request for user_id: 4, book_id: 192
[10-Jun-2025 02:14:46 Europe/Berlin] Found 1 matching records
[10-Jun-2025 02:14:46 Europe/Berlin] Delete operation result: success
[10-Jun-2025 02:14:46 Europe/Berlin] Affected rows: 1
[10-Jun-2025 02:14:52 Europe/Berlin] POST data: Array
(
    [book_id] => 191
)

[10-Jun-2025 02:14:52 Europe/Berlin] Session data: Array
(
    [user_id] => 4
    [email] => alvin@nu.com
    [first_name] => Alvin
    [last_name] => Malabaguio
    [role] => user
    [avatar_url] => ../homepage/images/default_avatar.jpg
)

[10-Jun-2025 02:14:52 Europe/Berlin] Filtered book_id: 191
[10-Jun-2025 02:14:52 Europe/Berlin] Processing request for user_id: 4, book_id: 191
[10-Jun-2025 02:14:52 Europe/Berlin] Found 1 matching records
[10-Jun-2025 02:14:52 Europe/Berlin] Delete operation result: success
[10-Jun-2025 02:14:52 Europe/Berlin] Affected rows: 1
[10-Jun-2025 02:14:54 Europe/Berlin] POST data: Array
(
    [book_id] => 189
)

[10-Jun-2025 02:14:54 Europe/Berlin] Session data: Array
(
    [user_id] => 4
    [email] => alvin@nu.com
    [first_name] => Alvin
    [last_name] => Malabaguio
    [role] => user
    [avatar_url] => ../homepage/images/default_avatar.jpg
)

[10-Jun-2025 02:14:54 Europe/Berlin] Filtered book_id: 189
[10-Jun-2025 02:14:54 Europe/Berlin] Processing request for user_id: 4, book_id: 189
[10-Jun-2025 02:14:54 Europe/Berlin] Found 1 matching records
[10-Jun-2025 02:14:54 Europe/Berlin] Delete operation result: success
[10-Jun-2025 02:14:54 Europe/Berlin] Affected rows: 1
[10-Jun-2025 02:16:31 Europe/Berlin] POST data: Array
(
    [book_id] => 190
)

[10-Jun-2025 02:16:31 Europe/Berlin] Session data: Array
(
    [user_id] => 4
    [email] => alvin@nu.com
    [first_name] => Alvin
    [last_name] => Malabaguio
    [role] => user
    [avatar_url] => ../homepage/images/default_avatar.jpg
)

[10-Jun-2025 02:16:31 Europe/Berlin] Filtered book_id: 190
[10-Jun-2025 02:16:31 Europe/Berlin] Processing request for user_id: 4, book_id: 190
[10-Jun-2025 02:16:31 Europe/Berlin] Found 1 matching records
[10-Jun-2025 02:16:31 Europe/Berlin] Delete operation result: success
[10-Jun-2025 02:16:31 Europe/Berlin] Affected rows: 1
[10-Jun-2025 02:17:02 Europe/Berlin] POST data: Array
(
    [book_id] => 180
)

[10-Jun-2025 02:17:02 Europe/Berlin] Session data: Array
(
    [user_id] => 4
    [email] => alvin@nu.com
    [first_name] => Alvin
    [last_name] => Malabaguio
    [role] => user
    [avatar_url] => ../homepage/images/default_avatar.jpg
)

[10-Jun-2025 02:17:02 Europe/Berlin] Filtered book_id: 180
[10-Jun-2025 02:17:02 Europe/Berlin] Processing request for user_id: 4, book_id: 180
[10-Jun-2025 02:17:02 Europe/Berlin] Found 1 matching records
[10-Jun-2025 02:17:02 Europe/Berlin] Delete operation result: success
[10-Jun-2025 02:17:02 Europe/Berlin] Affected rows: 1
[10-Jun-2025 02:19:43 Europe/Berlin] POST data: Array
(
    [book_id] => 203
)

[10-Jun-2025 02:19:43 Europe/Berlin] Session data: Array
(
    [user_id] => 4
    [email] => alvin@nu.com
    [first_name] => Alvin
    [last_name] => Malabaguio
    [role] => user
    [avatar_url] => ../homepage/images/default_avatar.jpg
)

[10-Jun-2025 02:19:43 Europe/Berlin] Filtered book_id: 203
[10-Jun-2025 02:19:43 Europe/Berlin] Processing request for user_id: 4, book_id: 203
[10-Jun-2025 02:19:43 Europe/Berlin] Found 1 matching records
[10-Jun-2025 02:19:43 Europe/Berlin] Delete operation result: success
[10-Jun-2025 02:19:43 Europe/Berlin] Affected rows: 1
[10-Jun-2025 02:19:45 Europe/Berlin] POST data: Array
(
    [book_id] => 201
)

[10-Jun-2025 02:19:45 Europe/Berlin] Session data: Array
(
    [user_id] => 4
    [email] => alvin@nu.com
    [first_name] => Alvin
    [last_name] => Malabaguio
    [role] => user
    [avatar_url] => ../homepage/images/default_avatar.jpg
)

[10-Jun-2025 02:19:45 Europe/Berlin] Filtered book_id: 201
[10-Jun-2025 02:19:45 Europe/Berlin] Processing request for user_id: 4, book_id: 201
[10-Jun-2025 02:19:45 Europe/Berlin] Found 1 matching records
[10-Jun-2025 02:19:45 Europe/Berlin] Delete operation result: success
[10-Jun-2025 02:19:45 Europe/Berlin] Affected rows: 1
[10-Jun-2025 02:19:46 Europe/Berlin] POST data: Array
(
    [book_id] => 200
)

[10-Jun-2025 02:19:46 Europe/Berlin] Session data: Array
(
    [user_id] => 4
    [email] => alvin@nu.com
    [first_name] => Alvin
    [last_name] => Malabaguio
    [role] => user
    [avatar_url] => ../homepage/images/default_avatar.jpg
)

[10-Jun-2025 02:19:46 Europe/Berlin] Filtered book_id: 200
[10-Jun-2025 02:19:46 Europe/Berlin] Processing request for user_id: 4, book_id: 200
[10-Jun-2025 02:19:46 Europe/Berlin] Found 1 matching records
[10-Jun-2025 02:19:46 Europe/Berlin] Delete operation result: success
[10-Jun-2025 02:19:46 Europe/Berlin] Affected rows: 1
[10-Jun-2025 02:19:48 Europe/Berlin] POST data: Array
(
    [book_id] => 202
)

[10-Jun-2025 02:19:48 Europe/Berlin] Session data: Array
(
    [user_id] => 4
    [email] => alvin@nu.com
    [first_name] => Alvin
    [last_name] => Malabaguio
    [role] => user
    [avatar_url] => ../homepage/images/default_avatar.jpg
)

[10-Jun-2025 02:19:48 Europe/Berlin] Filtered book_id: 202
[10-Jun-2025 02:19:48 Europe/Berlin] Processing request for user_id: 4, book_id: 202
[10-Jun-2025 02:19:48 Europe/Berlin] Found 1 matching records
[10-Jun-2025 02:19:48 Europe/Berlin] Delete operation result: success
[10-Jun-2025 02:19:48 Europe/Berlin] Affected rows: 1
[10-Jun-2025 02:19:49 Europe/Berlin] POST data: Array
(
    [book_id] => 199
)

[10-Jun-2025 02:19:49 Europe/Berlin] Session data: Array
(
    [user_id] => 4
    [email] => alvin@nu.com
    [first_name] => Alvin
    [last_name] => Malabaguio
    [role] => user
    [avatar_url] => ../homepage/images/default_avatar.jpg
)

[10-Jun-2025 02:19:49 Europe/Berlin] Filtered book_id: 199
[10-Jun-2025 02:19:49 Europe/Berlin] Processing request for user_id: 4, book_id: 199
[10-Jun-2025 02:19:49 Europe/Berlin] Found 1 matching records
[10-Jun-2025 02:19:49 Europe/Berlin] Delete operation result: success
[10-Jun-2025 02:19:49 Europe/Berlin] Affected rows: 1
[10-Jun-2025 02:26:13 Europe/Berlin] POST data: Array
(
    [book_id] => 207
)

[10-Jun-2025 02:26:13 Europe/Berlin] Session data: Array
(
    [user_id] => 4
    [email] => alvin@nu.com
    [first_name] => Alvin
    [last_name] => Malabaguio
    [role] => user
    [avatar_url] => ../homepage/images/default_avatar.jpg
)

[10-Jun-2025 02:26:13 Europe/Berlin] Filtered book_id: 207
[10-Jun-2025 02:26:13 Europe/Berlin] Processing request for user_id: 4, book_id: 207
[10-Jun-2025 02:26:13 Europe/Berlin] Found 1 matching records
[10-Jun-2025 02:26:13 Europe/Berlin] Delete operation result: success
[10-Jun-2025 02:26:13 Europe/Berlin] Affected rows: 1
[10-Jun-2025 02:26:15 Europe/Berlin] POST data: Array
(
    [book_id] => 205
)

[10-Jun-2025 02:26:15 Europe/Berlin] Session data: Array
(
    [user_id] => 4
    [email] => alvin@nu.com
    [first_name] => Alvin
    [last_name] => Malabaguio
    [role] => user
    [avatar_url] => ../homepage/images/default_avatar.jpg
)

[10-Jun-2025 02:26:15 Europe/Berlin] Filtered book_id: 205
[10-Jun-2025 02:26:15 Europe/Berlin] Processing request for user_id: 4, book_id: 205
[10-Jun-2025 02:26:15 Europe/Berlin] Found 1 matching records
[10-Jun-2025 02:26:15 Europe/Berlin] Delete operation result: success
[10-Jun-2025 02:26:15 Europe/Berlin] Affected rows: 1
[10-Jun-2025 02:28:29 Europe/Berlin] POST data: Array
(
    [book_id] => 209
)

[10-Jun-2025 02:28:29 Europe/Berlin] Session data: Array
(
    [user_id] => 4
    [email] => alvin@nu.com
    [first_name] => Alvin
    [last_name] => Malabaguio
    [role] => user
    [avatar_url] => ../homepage/images/default_avatar.jpg
)

[10-Jun-2025 02:28:29 Europe/Berlin] Filtered book_id: 209
[10-Jun-2025 02:28:29 Europe/Berlin] Processing request for user_id: 4, book_id: 209
[10-Jun-2025 02:28:29 Europe/Berlin] Found 1 matching records
[10-Jun-2025 02:28:29 Europe/Berlin] Delete operation result: success
[10-Jun-2025 02:28:29 Europe/Berlin] Affected rows: 1
[10-Jun-2025 02:38:42 Europe/Berlin] POST data: Array
(
    [book_id] => 213
)

[10-Jun-2025 02:38:42 Europe/Berlin] Session data: Array
(
    [user_id] => 4
    [email] => alvin@nu.com
    [first_name] => Alvin
    [last_name] => Malabaguio
    [role] => user
    [avatar_url] => ../homepage/images/default_avatar.jpg
)

[10-Jun-2025 02:38:42 Europe/Berlin] Filtered book_id: 213
[10-Jun-2025 02:38:42 Europe/Berlin] Processing request for user_id: 4, book_id: 213
[10-Jun-2025 02:38:42 Europe/Berlin] Found 1 matching records
[10-Jun-2025 02:38:42 Europe/Berlin] Delete operation result: success
[10-Jun-2025 02:38:42 Europe/Berlin] Affected rows: 1
[10-Jun-2025 02:47:06 Europe/Berlin] POST data: Array
(
    [book_id] => 217
)

[10-Jun-2025 02:47:06 Europe/Berlin] Session data: Array
(
    [user_id] => 4
    [email] => alvin@nu.com
    [first_name] => Alvin
    [last_name] => Malabaguio
    [role] => user
    [avatar_url] => ../homepage/images/default_avatar.jpg
)

[10-Jun-2025 02:47:06 Europe/Berlin] Filtered book_id: 217
[10-Jun-2025 02:47:06 Europe/Berlin] Processing request for user_id: 4, book_id: 217
[10-Jun-2025 02:47:06 Europe/Berlin] Found 1 matching records
[10-Jun-2025 02:47:06 Europe/Berlin] Delete operation result: success
[10-Jun-2025 02:47:06 Europe/Berlin] Affected rows: 1
[10-Jun-2025 02:47:08 Europe/Berlin] POST data: Array
(
    [book_id] => 215
)

[10-Jun-2025 02:47:08 Europe/Berlin] Session data: Array
(
    [user_id] => 4
    [email] => alvin@nu.com
    [first_name] => Alvin
    [last_name] => Malabaguio
    [role] => user
    [avatar_url] => ../homepage/images/default_avatar.jpg
)

[10-Jun-2025 02:47:08 Europe/Berlin] Filtered book_id: 215
[10-Jun-2025 02:47:08 Europe/Berlin] Processing request for user_id: 4, book_id: 215
[10-Jun-2025 02:47:08 Europe/Berlin] Found 1 matching records
[10-Jun-2025 02:47:08 Europe/Berlin] Delete operation result: success
[10-Jun-2025 02:47:08 Europe/Berlin] Affected rows: 1
[10-Jun-2025 02:54:13 Europe/Berlin] POST data: Array
(
    [book_id] => 230
)

[10-Jun-2025 02:54:13 Europe/Berlin] Session data: Array
(
    [user_id] => 4
    [email] => alvin@nu.com
    [first_name] => Alvin
    [last_name] => Malabaguio
    [role] => user
    [avatar_url] => ../homepage/images/default_avatar.jpg
)

[10-Jun-2025 02:54:13 Europe/Berlin] Filtered book_id: 230
[10-Jun-2025 02:54:13 Europe/Berlin] Processing request for user_id: 4, book_id: 230
[10-Jun-2025 02:54:13 Europe/Berlin] Found 1 matching records
[10-Jun-2025 02:54:13 Europe/Berlin] Delete operation result: success
[10-Jun-2025 02:54:13 Europe/Berlin] Affected rows: 1
[10-Jun-2025 02:54:14 Europe/Berlin] POST data: Array
(
    [book_id] => 229
)

[10-Jun-2025 02:54:14 Europe/Berlin] Session data: Array
(
    [user_id] => 4
    [email] => alvin@nu.com
    [first_name] => Alvin
    [last_name] => Malabaguio
    [role] => user
    [avatar_url] => ../homepage/images/default_avatar.jpg
)

[10-Jun-2025 02:54:14 Europe/Berlin] Filtered book_id: 229
[10-Jun-2025 02:54:14 Europe/Berlin] Processing request for user_id: 4, book_id: 229
[10-Jun-2025 02:54:14 Europe/Berlin] Found 1 matching records
[10-Jun-2025 02:54:14 Europe/Berlin] Delete operation result: success
[10-Jun-2025 02:54:14 Europe/Berlin] Affected rows: 1
[10-Jun-2025 02:54:16 Europe/Berlin] POST data: Array
(
    [book_id] => 228
)

[10-Jun-2025 02:54:16 Europe/Berlin] Session data: Array
(
    [user_id] => 4
    [email] => alvin@nu.com
    [first_name] => Alvin
    [last_name] => Malabaguio
    [role] => user
    [avatar_url] => ../homepage/images/default_avatar.jpg
)

[10-Jun-2025 02:54:16 Europe/Berlin] Filtered book_id: 228
[10-Jun-2025 02:54:16 Europe/Berlin] Processing request for user_id: 4, book_id: 228
[10-Jun-2025 02:54:16 Europe/Berlin] Found 1 matching records
[10-Jun-2025 02:54:16 Europe/Berlin] Delete operation result: success
[10-Jun-2025 02:54:16 Europe/Berlin] Affected rows: 1
[10-Jun-2025 02:54:17 Europe/Berlin] POST data: Array
(
    [book_id] => 227
)

[10-Jun-2025 02:54:17 Europe/Berlin] Session data: Array
(
    [user_id] => 4
    [email] => alvin@nu.com
    [first_name] => Alvin
    [last_name] => Malabaguio
    [role] => user
    [avatar_url] => ../homepage/images/default_avatar.jpg
)

[10-Jun-2025 02:54:17 Europe/Berlin] Filtered book_id: 227
[10-Jun-2025 02:54:17 Europe/Berlin] Processing request for user_id: 4, book_id: 227
[10-Jun-2025 02:54:17 Europe/Berlin] Found 1 matching records
[10-Jun-2025 02:54:17 Europe/Berlin] Delete operation result: success
[10-Jun-2025 02:54:17 Europe/Berlin] Affected rows: 1
[10-Jun-2025 02:54:19 Europe/Berlin] POST data: Array
(
    [book_id] => 226
)

[10-Jun-2025 02:54:19 Europe/Berlin] Session data: Array
(
    [user_id] => 4
    [email] => alvin@nu.com
    [first_name] => Alvin
    [last_name] => Malabaguio
    [role] => user
    [avatar_url] => ../homepage/images/default_avatar.jpg
)

[10-Jun-2025 02:54:19 Europe/Berlin] Filtered book_id: 226
[10-Jun-2025 02:54:19 Europe/Berlin] Processing request for user_id: 4, book_id: 226
[10-Jun-2025 02:54:19 Europe/Berlin] Found 1 matching records
[10-Jun-2025 02:54:19 Europe/Berlin] Delete operation result: success
[10-Jun-2025 02:54:19 Europe/Berlin] Affected rows: 1
[10-Jun-2025 02:54:20 Europe/Berlin] POST data: Array
(
    [book_id] => 225
)

[10-Jun-2025 02:54:20 Europe/Berlin] Session data: Array
(
    [user_id] => 4
    [email] => alvin@nu.com
    [first_name] => Alvin
    [last_name] => Malabaguio
    [role] => user
    [avatar_url] => ../homepage/images/default_avatar.jpg
)

[10-Jun-2025 02:54:20 Europe/Berlin] Filtered book_id: 225
[10-Jun-2025 02:54:20 Europe/Berlin] Processing request for user_id: 4, book_id: 225
[10-Jun-2025 02:54:20 Europe/Berlin] Found 1 matching records
[10-Jun-2025 02:54:20 Europe/Berlin] Delete operation result: success
[10-Jun-2025 02:54:20 Europe/Berlin] Affected rows: 1
[10-Jun-2025 02:54:21 Europe/Berlin] POST data: Array
(
    [book_id] => 224
)

[10-Jun-2025 02:54:21 Europe/Berlin] Session data: Array
(
    [user_id] => 4
    [email] => alvin@nu.com
    [first_name] => Alvin
    [last_name] => Malabaguio
    [role] => user
    [avatar_url] => ../homepage/images/default_avatar.jpg
)

[10-Jun-2025 02:54:21 Europe/Berlin] Filtered book_id: 224
[10-Jun-2025 02:54:21 Europe/Berlin] Processing request for user_id: 4, book_id: 224
[10-Jun-2025 02:54:21 Europe/Berlin] Found 1 matching records
[10-Jun-2025 02:54:21 Europe/Berlin] Delete operation result: success
[10-Jun-2025 02:54:21 Europe/Berlin] Affected rows: 1
[10-Jun-2025 02:54:22 Europe/Berlin] POST data: Array
(
    [book_id] => 223
)

[10-Jun-2025 02:54:22 Europe/Berlin] Session data: Array
(
    [user_id] => 4
    [email] => alvin@nu.com
    [first_name] => Alvin
    [last_name] => Malabaguio
    [role] => user
    [avatar_url] => ../homepage/images/default_avatar.jpg
)

[10-Jun-2025 02:54:22 Europe/Berlin] Filtered book_id: 223
[10-Jun-2025 02:54:22 Europe/Berlin] Processing request for user_id: 4, book_id: 223
[10-Jun-2025 02:54:22 Europe/Berlin] Found 1 matching records
[10-Jun-2025 02:54:22 Europe/Berlin] Delete operation result: success
[10-Jun-2025 02:54:22 Europe/Berlin] Affected rows: 1
[10-Jun-2025 02:54:23 Europe/Berlin] POST data: Array
(
    [book_id] => 222
)

[10-Jun-2025 02:54:23 Europe/Berlin] Session data: Array
(
    [user_id] => 4
    [email] => alvin@nu.com
    [first_name] => Alvin
    [last_name] => Malabaguio
    [role] => user
    [avatar_url] => ../homepage/images/default_avatar.jpg
)

[10-Jun-2025 02:54:23 Europe/Berlin] Filtered book_id: 222
[10-Jun-2025 02:54:23 Europe/Berlin] Processing request for user_id: 4, book_id: 222
[10-Jun-2025 02:54:23 Europe/Berlin] Found 1 matching records
[10-Jun-2025 02:54:23 Europe/Berlin] Delete operation result: success
[10-Jun-2025 02:54:23 Europe/Berlin] Affected rows: 1
[10-Jun-2025 02:54:24 Europe/Berlin] POST data: Array
(
    [book_id] => 221
)

[10-Jun-2025 02:54:24 Europe/Berlin] Session data: Array
(
    [user_id] => 4
    [email] => alvin@nu.com
    [first_name] => Alvin
    [last_name] => Malabaguio
    [role] => user
    [avatar_url] => ../homepage/images/default_avatar.jpg
)

[10-Jun-2025 02:54:24 Europe/Berlin] Filtered book_id: 221
[10-Jun-2025 02:54:24 Europe/Berlin] Processing request for user_id: 4, book_id: 221
[10-Jun-2025 02:54:25 Europe/Berlin] Found 1 matching records
[10-Jun-2025 02:54:25 Europe/Berlin] Delete operation result: success
[10-Jun-2025 02:54:25 Europe/Berlin] Affected rows: 1
[10-Jun-2025 02:54:26 Europe/Berlin] POST data: Array
(
    [book_id] => 220
)

[10-Jun-2025 02:54:26 Europe/Berlin] Session data: Array
(
    [user_id] => 4
    [email] => alvin@nu.com
    [first_name] => Alvin
    [last_name] => Malabaguio
    [role] => user
    [avatar_url] => ../homepage/images/default_avatar.jpg
)

[10-Jun-2025 02:54:26 Europe/Berlin] Filtered book_id: 220
[10-Jun-2025 02:54:26 Europe/Berlin] Processing request for user_id: 4, book_id: 220
[10-Jun-2025 02:54:26 Europe/Berlin] Found 1 matching records
[10-Jun-2025 02:54:26 Europe/Berlin] Delete operation result: success
[10-Jun-2025 02:54:26 Europe/Berlin] Affected rows: 1
[10-Jun-2025 02:54:27 Europe/Berlin] POST data: Array
(
    [book_id] => 219
)

[10-Jun-2025 02:54:27 Europe/Berlin] Session data: Array
(
    [user_id] => 4
    [email] => alvin@nu.com
    [first_name] => Alvin
    [last_name] => Malabaguio
    [role] => user
    [avatar_url] => ../homepage/images/default_avatar.jpg
)

[10-Jun-2025 02:54:27 Europe/Berlin] Filtered book_id: 219
[10-Jun-2025 02:54:27 Europe/Berlin] Processing request for user_id: 4, book_id: 219
[10-Jun-2025 02:54:27 Europe/Berlin] Found 1 matching records
[10-Jun-2025 02:54:27 Europe/Berlin] Delete operation result: success
[10-Jun-2025 02:54:27 Europe/Berlin] Affected rows: 1
[10-Jun-2025 02:54:28 Europe/Berlin] POST data: Array
(
    [book_id] => 218
)

[10-Jun-2025 02:54:28 Europe/Berlin] Session data: Array
(
    [user_id] => 4
    [email] => alvin@nu.com
    [first_name] => Alvin
    [last_name] => Malabaguio
    [role] => user
    [avatar_url] => ../homepage/images/default_avatar.jpg
)

[10-Jun-2025 02:54:28 Europe/Berlin] Filtered book_id: 218
[10-Jun-2025 02:54:28 Europe/Berlin] Processing request for user_id: 4, book_id: 218
[10-Jun-2025 02:54:28 Europe/Berlin] Found 1 matching records
[10-Jun-2025 02:54:28 Europe/Berlin] Delete operation result: success
[10-Jun-2025 02:54:28 Europe/Berlin] Affected rows: 1
[10-Jun-2025 02:54:29 Europe/Berlin] POST data: Array
(
    [book_id] => 216
)

[10-Jun-2025 02:54:29 Europe/Berlin] Session data: Array
(
    [user_id] => 4
    [email] => alvin@nu.com
    [first_name] => Alvin
    [last_name] => Malabaguio
    [role] => user
    [avatar_url] => ../homepage/images/default_avatar.jpg
)

[10-Jun-2025 02:54:29 Europe/Berlin] Filtered book_id: 216
[10-Jun-2025 02:54:29 Europe/Berlin] Processing request for user_id: 4, book_id: 216
[10-Jun-2025 02:54:29 Europe/Berlin] Found 1 matching records
[10-Jun-2025 02:54:29 Europe/Berlin] Delete operation result: success
[10-Jun-2025 02:54:29 Europe/Berlin] Affected rows: 1
[10-Jun-2025 02:54:30 Europe/Berlin] POST data: Array
(
    [book_id] => 214
)

[10-Jun-2025 02:54:30 Europe/Berlin] Session data: Array
(
    [user_id] => 4
    [email] => alvin@nu.com
    [first_name] => Alvin
    [last_name] => Malabaguio
    [role] => user
    [avatar_url] => ../homepage/images/default_avatar.jpg
)

[10-Jun-2025 02:54:30 Europe/Berlin] Filtered book_id: 214
[10-Jun-2025 02:54:30 Europe/Berlin] Processing request for user_id: 4, book_id: 214
[10-Jun-2025 02:54:30 Europe/Berlin] Found 1 matching records
[10-Jun-2025 02:54:30 Europe/Berlin] Delete operation result: success
[10-Jun-2025 02:54:30 Europe/Berlin] Affected rows: 1
[10-Jun-2025 03:00:51 Europe/Berlin] POST data: Array
(
    [book_id] => 235
)

[10-Jun-2025 03:00:51 Europe/Berlin] Session data: Array
(
    [user_id] => 4
    [email] => alvin@nu.com
    [first_name] => Alvin
    [last_name] => Malabaguio
    [role] => user
    [avatar_url] => ../homepage/images/default_avatar.jpg
)

[10-Jun-2025 03:00:51 Europe/Berlin] Filtered book_id: 235
[10-Jun-2025 03:00:51 Europe/Berlin] Processing request for user_id: 4, book_id: 235
[10-Jun-2025 03:00:51 Europe/Berlin] Found 1 matching records
[10-Jun-2025 03:00:51 Europe/Berlin] Delete operation result: success
[10-Jun-2025 03:00:51 Europe/Berlin] Affected rows: 1
[10-Jun-2025 03:00:53 Europe/Berlin] POST data: Array
(
    [book_id] => 233
)

[10-Jun-2025 03:00:53 Europe/Berlin] Session data: Array
(
    [user_id] => 4
    [email] => alvin@nu.com
    [first_name] => Alvin
    [last_name] => Malabaguio
    [role] => user
    [avatar_url] => ../homepage/images/default_avatar.jpg
)

[10-Jun-2025 03:00:53 Europe/Berlin] Filtered book_id: 233
[10-Jun-2025 03:00:53 Europe/Berlin] Processing request for user_id: 4, book_id: 233
[10-Jun-2025 03:00:53 Europe/Berlin] Found 1 matching records
[10-Jun-2025 03:00:53 Europe/Berlin] Delete operation result: success
[10-Jun-2025 03:00:53 Europe/Berlin] Affected rows: 1
[10-Jun-2025 03:00:54 Europe/Berlin] POST data: Array
(
    [book_id] => 234
)

[10-Jun-2025 03:00:54 Europe/Berlin] Session data: Array
(
    [user_id] => 4
    [email] => alvin@nu.com
    [first_name] => Alvin
    [last_name] => Malabaguio
    [role] => user
    [avatar_url] => ../homepage/images/default_avatar.jpg
)

[10-Jun-2025 03:00:54 Europe/Berlin] Filtered book_id: 234
[10-Jun-2025 03:00:54 Europe/Berlin] Processing request for user_id: 4, book_id: 234
[10-Jun-2025 03:00:54 Europe/Berlin] Found 1 matching records
[10-Jun-2025 03:00:54 Europe/Berlin] Delete operation result: success
[10-Jun-2025 03:00:54 Europe/Berlin] Affected rows: 1
[10-Jun-2025 03:00:56 Europe/Berlin] POST data: Array
(
    [book_id] => 232
)

[10-Jun-2025 03:00:56 Europe/Berlin] Session data: Array
(
    [user_id] => 4
    [email] => alvin@nu.com
    [first_name] => Alvin
    [last_name] => Malabaguio
    [role] => user
    [avatar_url] => ../homepage/images/default_avatar.jpg
)

[10-Jun-2025 03:00:56 Europe/Berlin] Filtered book_id: 232
[10-Jun-2025 03:00:56 Europe/Berlin] Processing request for user_id: 4, book_id: 232
[10-Jun-2025 03:00:56 Europe/Berlin] Found 1 matching records
[10-Jun-2025 03:00:56 Europe/Berlin] Delete operation result: success
[10-Jun-2025 03:00:56 Europe/Berlin] Affected rows: 1
[10-Jun-2025 03:12:34 Europe/Berlin] POST data: Array
(
    [book_id] => 243
)

[10-Jun-2025 03:12:34 Europe/Berlin] Session data: Array
(
    [user_id] => 4
    [email] => alvin@nu.com
    [first_name] => Alvin
    [last_name] => Malabaguio
    [role] => user
    [avatar_url] => ../homepage/images/default_avatar.jpg
)

[10-Jun-2025 03:12:34 Europe/Berlin] Filtered book_id: 243
[10-Jun-2025 03:12:34 Europe/Berlin] Processing request for user_id: 4, book_id: 243
[10-Jun-2025 03:12:34 Europe/Berlin] Found 1 matching records
[10-Jun-2025 03:12:34 Europe/Berlin] Delete operation result: success
[10-Jun-2025 03:12:34 Europe/Berlin] Affected rows: 1
[10-Jun-2025 03:12:36 Europe/Berlin] POST data: Array
(
    [book_id] => 242
)

[10-Jun-2025 03:12:36 Europe/Berlin] Session data: Array
(
    [user_id] => 4
    [email] => alvin@nu.com
    [first_name] => Alvin
    [last_name] => Malabaguio
    [role] => user
    [avatar_url] => ../homepage/images/default_avatar.jpg
)

[10-Jun-2025 03:12:36 Europe/Berlin] Filtered book_id: 242
[10-Jun-2025 03:12:36 Europe/Berlin] Processing request for user_id: 4, book_id: 242
[10-Jun-2025 03:12:36 Europe/Berlin] Found 1 matching records
[10-Jun-2025 03:12:36 Europe/Berlin] Delete operation result: success
[10-Jun-2025 03:12:36 Europe/Berlin] Affected rows: 1
[10-Jun-2025 03:14:07 Europe/Berlin] POST data: Array
(
    [book_id] => 241
)

[10-Jun-2025 03:14:07 Europe/Berlin] Session data: Array
(
    [user_id] => 4
    [email] => alvin@nu.com
    [first_name] => Alvin
    [last_name] => Malabaguio
    [role] => user
    [avatar_url] => ../homepage/images/default_avatar.jpg
)

[10-Jun-2025 03:14:07 Europe/Berlin] Filtered book_id: 241
[10-Jun-2025 03:14:07 Europe/Berlin] Processing request for user_id: 4, book_id: 241
[10-Jun-2025 03:14:07 Europe/Berlin] Found 1 matching records
[10-Jun-2025 03:14:07 Europe/Berlin] Delete operation result: success
[10-Jun-2025 03:14:07 Europe/Berlin] Affected rows: 1
[10-Jun-2025 03:14:39 Europe/Berlin] POST data: Array
(
    [book_id] => 240
)

[10-Jun-2025 03:14:39 Europe/Berlin] Session data: Array
(
    [user_id] => 4
    [email] => alvin@nu.com
    [first_name] => Alvin
    [last_name] => Malabaguio
    [role] => user
    [avatar_url] => ../homepage/images/default_avatar.jpg
)

[10-Jun-2025 03:14:39 Europe/Berlin] Filtered book_id: 240
[10-Jun-2025 03:14:39 Europe/Berlin] Processing request for user_id: 4, book_id: 240
[10-Jun-2025 03:14:39 Europe/Berlin] Found 1 matching records
[10-Jun-2025 03:14:39 Europe/Berlin] Delete operation result: success
[10-Jun-2025 03:14:39 Europe/Berlin] Affected rows: 1
[10-Jun-2025 03:15:07 Europe/Berlin] POST data: Array
(
    [book_id] => 239
)

[10-Jun-2025 03:15:07 Europe/Berlin] Session data: Array
(
    [user_id] => 4
    [email] => alvin@nu.com
    [first_name] => Alvin
    [last_name] => Malabaguio
    [role] => user
    [avatar_url] => ../homepage/images/default_avatar.jpg
)

[10-Jun-2025 03:15:07 Europe/Berlin] Filtered book_id: 239
[10-Jun-2025 03:15:07 Europe/Berlin] Processing request for user_id: 4, book_id: 239
[10-Jun-2025 03:15:07 Europe/Berlin] Found 1 matching records
[10-Jun-2025 03:15:07 Europe/Berlin] Delete operation result: success
[10-Jun-2025 03:15:07 Europe/Berlin] Affected rows: 1
[10-Jun-2025 03:15:14 Europe/Berlin] POST data: Array
(
    [book_id] => 238
)

[10-Jun-2025 03:15:14 Europe/Berlin] Session data: Array
(
    [user_id] => 4
    [email] => alvin@nu.com
    [first_name] => Alvin
    [last_name] => Malabaguio
    [role] => user
    [avatar_url] => ../homepage/images/default_avatar.jpg
)

[10-Jun-2025 03:15:14 Europe/Berlin] Filtered book_id: 238
[10-Jun-2025 03:15:14 Europe/Berlin] Processing request for user_id: 4, book_id: 238
[10-Jun-2025 03:15:14 Europe/Berlin] Found 1 matching records
[10-Jun-2025 03:15:14 Europe/Berlin] Delete operation result: success
[10-Jun-2025 03:15:14 Europe/Berlin] Affected rows: 1
[10-Jun-2025 03:15:25 Europe/Berlin] POST data: Array
(
    [book_id] => 237
)

[10-Jun-2025 03:15:25 Europe/Berlin] Session data: Array
(
    [user_id] => 4
    [email] => alvin@nu.com
    [first_name] => Alvin
    [last_name] => Malabaguio
    [role] => user
    [avatar_url] => ../homepage/images/default_avatar.jpg
)

[10-Jun-2025 03:15:25 Europe/Berlin] Filtered book_id: 237
[10-Jun-2025 03:15:25 Europe/Berlin] Processing request for user_id: 4, book_id: 237
[10-Jun-2025 03:15:25 Europe/Berlin] Found 1 matching records
[10-Jun-2025 03:15:25 Europe/Berlin] Delete operation result: success
[10-Jun-2025 03:15:25 Europe/Berlin] Affected rows: 1
[10-Jun-2025 03:15:30 Europe/Berlin] POST data: Array
(
    [book_id] => 236
)

[10-Jun-2025 03:15:30 Europe/Berlin] Session data: Array
(
    [user_id] => 4
    [email] => alvin@nu.com
    [first_name] => Alvin
    [last_name] => Malabaguio
    [role] => user
    [avatar_url] => ../homepage/images/default_avatar.jpg
)

[10-Jun-2025 03:15:30 Europe/Berlin] Filtered book_id: 236
[10-Jun-2025 03:15:30 Europe/Berlin] Processing request for user_id: 4, book_id: 236
[10-Jun-2025 03:15:30 Europe/Berlin] Found 1 matching records
[10-Jun-2025 03:15:30 Europe/Berlin] Delete operation result: success
[10-Jun-2025 03:15:30 Europe/Berlin] Affected rows: 1
[10-Jun-2025 03:17:28 Europe/Berlin] POST data: Array
(
    [book_id] => 231
)

[10-Jun-2025 03:17:28 Europe/Berlin] Session data: Array
(
    [user_id] => 4
    [email] => alvin@nu.com
    [first_name] => Alvin
    [last_name] => Malabaguio
    [role] => user
    [avatar_url] => ../homepage/images/default_avatar.jpg
)

[10-Jun-2025 03:17:28 Europe/Berlin] Filtered book_id: 231
[10-Jun-2025 03:17:28 Europe/Berlin] Processing request for user_id: 4, book_id: 231
[10-Jun-2025 03:17:28 Europe/Berlin] Found 1 matching records
[10-Jun-2025 03:17:28 Europe/Berlin] Delete operation result: success
[10-Jun-2025 03:17:28 Europe/Berlin] Affected rows: 1
[10-Jun-2025 03:18:00 Europe/Berlin] POST data: Array
(
    [book_id] => 250
)

[10-Jun-2025 03:18:00 Europe/Berlin] Session data: Array
(
    [user_id] => 4
    [email] => alvin@nu.com
    [first_name] => Alvin
    [last_name] => Malabaguio
    [role] => user
    [avatar_url] => ../homepage/images/default_avatar.jpg
)

[10-Jun-2025 03:18:00 Europe/Berlin] Filtered book_id: 250
[10-Jun-2025 03:18:00 Europe/Berlin] Processing request for user_id: 4, book_id: 250
[10-Jun-2025 03:18:00 Europe/Berlin] Found 1 matching records
[10-Jun-2025 03:18:00 Europe/Berlin] Delete operation result: success
[10-Jun-2025 03:18:00 Europe/Berlin] Affected rows: 1
[10-Jun-2025 03:18:02 Europe/Berlin] POST data: Array
(
    [book_id] => 249
)

[10-Jun-2025 03:18:02 Europe/Berlin] Session data: Array
(
    [user_id] => 4
    [email] => alvin@nu.com
    [first_name] => Alvin
    [last_name] => Malabaguio
    [role] => user
    [avatar_url] => ../homepage/images/default_avatar.jpg
)

[10-Jun-2025 03:18:02 Europe/Berlin] Filtered book_id: 249
[10-Jun-2025 03:18:02 Europe/Berlin] Processing request for user_id: 4, book_id: 249
[10-Jun-2025 03:18:02 Europe/Berlin] Found 1 matching records
[10-Jun-2025 03:18:02 Europe/Berlin] Delete operation result: success
[10-Jun-2025 03:18:02 Europe/Berlin] Affected rows: 1
[10-Jun-2025 03:18:04 Europe/Berlin] POST data: Array
(
    [book_id] => 248
)

[10-Jun-2025 03:18:04 Europe/Berlin] Session data: Array
(
    [user_id] => 4
    [email] => alvin@nu.com
    [first_name] => Alvin
    [last_name] => Malabaguio
    [role] => user
    [avatar_url] => ../homepage/images/default_avatar.jpg
)

[10-Jun-2025 03:18:04 Europe/Berlin] Filtered book_id: 248
[10-Jun-2025 03:18:04 Europe/Berlin] Processing request for user_id: 4, book_id: 248
[10-Jun-2025 03:18:04 Europe/Berlin] Found 1 matching records
[10-Jun-2025 03:18:04 Europe/Berlin] Delete operation result: success
[10-Jun-2025 03:18:04 Europe/Berlin] Affected rows: 1
[10-Jun-2025 03:18:05 Europe/Berlin] POST data: Array
(
    [book_id] => 247
)

[10-Jun-2025 03:18:05 Europe/Berlin] Session data: Array
(
    [user_id] => 4
    [email] => alvin@nu.com
    [first_name] => Alvin
    [last_name] => Malabaguio
    [role] => user
    [avatar_url] => ../homepage/images/default_avatar.jpg
)

[10-Jun-2025 03:18:05 Europe/Berlin] Filtered book_id: 247
[10-Jun-2025 03:18:05 Europe/Berlin] Processing request for user_id: 4, book_id: 247
[10-Jun-2025 03:18:05 Europe/Berlin] Found 1 matching records
[10-Jun-2025 03:18:05 Europe/Berlin] Delete operation result: success
[10-Jun-2025 03:18:05 Europe/Berlin] Affected rows: 1
[10-Jun-2025 03:18:07 Europe/Berlin] POST data: Array
(
    [book_id] => 246
)

[10-Jun-2025 03:18:07 Europe/Berlin] Session data: Array
(
    [user_id] => 4
    [email] => alvin@nu.com
    [first_name] => Alvin
    [last_name] => Malabaguio
    [role] => user
    [avatar_url] => ../homepage/images/default_avatar.jpg
)

[10-Jun-2025 03:18:07 Europe/Berlin] Filtered book_id: 246
[10-Jun-2025 03:18:07 Europe/Berlin] Processing request for user_id: 4, book_id: 246
[10-Jun-2025 03:18:07 Europe/Berlin] Found 1 matching records
[10-Jun-2025 03:18:07 Europe/Berlin] Delete operation result: success
[10-Jun-2025 03:18:07 Europe/Berlin] Affected rows: 1
[10-Jun-2025 03:18:14 Europe/Berlin] POST data: Array
(
    [book_id] => 245
)

[10-Jun-2025 03:18:14 Europe/Berlin] Session data: Array
(
    [user_id] => 4
    [email] => alvin@nu.com
    [first_name] => Alvin
    [last_name] => Malabaguio
    [role] => user
    [avatar_url] => ../homepage/images/default_avatar.jpg
)

[10-Jun-2025 03:18:14 Europe/Berlin] Filtered book_id: 245
[10-Jun-2025 03:18:14 Europe/Berlin] Processing request for user_id: 4, book_id: 245
[10-Jun-2025 03:18:14 Europe/Berlin] Found 1 matching records
[10-Jun-2025 03:18:14 Europe/Berlin] Delete operation result: success
[10-Jun-2025 03:18:14 Europe/Berlin] Affected rows: 1
[10-Jun-2025 03:18:16 Europe/Berlin] POST data: Array
(
    [book_id] => 244
)

[10-Jun-2025 03:18:16 Europe/Berlin] Session data: Array
(
    [user_id] => 4
    [email] => alvin@nu.com
    [first_name] => Alvin
    [last_name] => Malabaguio
    [role] => user
    [avatar_url] => ../homepage/images/default_avatar.jpg
)

[10-Jun-2025 03:18:16 Europe/Berlin] Filtered book_id: 244
[10-Jun-2025 03:18:16 Europe/Berlin] Processing request for user_id: 4, book_id: 244
[10-Jun-2025 03:18:16 Europe/Berlin] Found 1 matching records
[10-Jun-2025 03:18:16 Europe/Berlin] Delete operation result: success
[10-Jun-2025 03:18:16 Europe/Berlin] Affected rows: 1
[10-Jun-2025 03:18:50 Europe/Berlin] POST data: Array
(
    [book_id] => 255
)

[10-Jun-2025 03:18:50 Europe/Berlin] Session data: Array
(
    [user_id] => 4
    [email] => alvin@nu.com
    [first_name] => Alvin
    [last_name] => Malabaguio
    [role] => user
    [avatar_url] => ../homepage/images/default_avatar.jpg
)

[10-Jun-2025 03:18:50 Europe/Berlin] Filtered book_id: 255
[10-Jun-2025 03:18:50 Europe/Berlin] Processing request for user_id: 4, book_id: 255
[10-Jun-2025 03:18:50 Europe/Berlin] Found 1 matching records
[10-Jun-2025 03:18:50 Europe/Berlin] Delete operation result: success
[10-Jun-2025 03:18:50 Europe/Berlin] Affected rows: 1
[10-Jun-2025 03:19:23 Europe/Berlin] POST data: Array
(
    [book_id] => 254
)

[10-Jun-2025 03:19:23 Europe/Berlin] Session data: Array
(
    [user_id] => 4
    [email] => alvin@nu.com
    [first_name] => Alvin
    [last_name] => Malabaguio
    [role] => user
    [avatar_url] => ../homepage/images/default_avatar.jpg
)

[10-Jun-2025 03:19:23 Europe/Berlin] Filtered book_id: 254
[10-Jun-2025 03:19:23 Europe/Berlin] Processing request for user_id: 4, book_id: 254
[10-Jun-2025 03:19:23 Europe/Berlin] Found 1 matching records
[10-Jun-2025 03:19:23 Europe/Berlin] Delete operation result: success
[10-Jun-2025 03:19:23 Europe/Berlin] Affected rows: 1
[10-Jun-2025 03:19:41 Europe/Berlin] POST data: Array
(
    [book_id] => 257
)

[10-Jun-2025 03:19:41 Europe/Berlin] Session data: Array
(
    [user_id] => 4
    [email] => alvin@nu.com
    [first_name] => Alvin
    [last_name] => Malabaguio
    [role] => user
    [avatar_url] => ../homepage/images/default_avatar.jpg
)

[10-Jun-2025 03:19:41 Europe/Berlin] Filtered book_id: 257
[10-Jun-2025 03:19:41 Europe/Berlin] Processing request for user_id: 4, book_id: 257
[10-Jun-2025 03:19:41 Europe/Berlin] Found 1 matching records
[10-Jun-2025 03:19:41 Europe/Berlin] Delete operation result: success
[10-Jun-2025 03:19:41 Europe/Berlin] Affected rows: 1
[10-Jun-2025 03:20:35 Europe/Berlin] POST data: Array
(
    [book_id] => 258
)

[10-Jun-2025 03:20:35 Europe/Berlin] Session data: Array
(
    [user_id] => 4
    [email] => alvin@nu.com
    [first_name] => Alvin
    [last_name] => Malabaguio
    [role] => user
    [avatar_url] => ../homepage/images/default_avatar.jpg
)

[10-Jun-2025 03:20:35 Europe/Berlin] Filtered book_id: 258
[10-Jun-2025 03:20:35 Europe/Berlin] Processing request for user_id: 4, book_id: 258
[10-Jun-2025 03:20:35 Europe/Berlin] Found 1 matching records
[10-Jun-2025 03:20:35 Europe/Berlin] Delete operation result: success
[10-Jun-2025 03:20:35 Europe/Berlin] Affected rows: 1
[10-Jun-2025 03:20:37 Europe/Berlin] POST data: Array
(
    [book_id] => 253
)

[10-Jun-2025 03:20:37 Europe/Berlin] Session data: Array
(
    [user_id] => 4
    [email] => alvin@nu.com
    [first_name] => Alvin
    [last_name] => Malabaguio
    [role] => user
    [avatar_url] => ../homepage/images/default_avatar.jpg
)

[10-Jun-2025 03:20:37 Europe/Berlin] Filtered book_id: 253
[10-Jun-2025 03:20:37 Europe/Berlin] Processing request for user_id: 4, book_id: 253
[10-Jun-2025 03:20:37 Europe/Berlin] Found 1 matching records
[10-Jun-2025 03:20:37 Europe/Berlin] Delete operation result: success
[10-Jun-2025 03:20:37 Europe/Berlin] Affected rows: 1
[10-Jun-2025 03:20:41 Europe/Berlin] POST data: Array
(
    [book_id] => 251
)

[10-Jun-2025 03:20:41 Europe/Berlin] Session data: Array
(
    [user_id] => 4
    [email] => alvin@nu.com
    [first_name] => Alvin
    [last_name] => Malabaguio
    [role] => user
    [avatar_url] => ../homepage/images/default_avatar.jpg
)

[10-Jun-2025 03:20:41 Europe/Berlin] Filtered book_id: 251
[10-Jun-2025 03:20:41 Europe/Berlin] Processing request for user_id: 4, book_id: 251
[10-Jun-2025 03:20:41 Europe/Berlin] Found 1 matching records
[10-Jun-2025 03:20:41 Europe/Berlin] Delete operation result: success
[10-Jun-2025 03:20:41 Europe/Berlin] Affected rows: 1
[10-Jun-2025 03:23:26 Europe/Berlin] POST data: Array
(
    [book_id] => 256
)

[10-Jun-2025 03:23:26 Europe/Berlin] Session data: Array
(
    [user_id] => 4
    [email] => alvin@nu.com
    [first_name] => Alvin
    [last_name] => Malabaguio
    [role] => user
    [avatar_url] => ../homepage/images/default_avatar.jpg
)

[10-Jun-2025 03:23:26 Europe/Berlin] Filtered book_id: 256
[10-Jun-2025 03:23:26 Europe/Berlin] Processing request for user_id: 4, book_id: 256
[10-Jun-2025 03:23:26 Europe/Berlin] Found 1 matching records
[10-Jun-2025 03:23:26 Europe/Berlin] Delete operation result: success
[10-Jun-2025 03:23:26 Europe/Berlin] Affected rows: 1
[10-Jun-2025 03:26:26 Europe/Berlin] POST data: Array
(
    [book_id] => 260
)

[10-Jun-2025 03:26:26 Europe/Berlin] Session data: Array
(
    [user_id] => 4
    [email] => alvin@nu.com
    [first_name] => Alvin
    [last_name] => Malabaguio
    [role] => user
    [avatar_url] => ../homepage/images/default_avatar.jpg
)

[10-Jun-2025 03:26:26 Europe/Berlin] Filtered book_id: 260
[10-Jun-2025 03:26:26 Europe/Berlin] Processing request for user_id: 4, book_id: 260
[10-Jun-2025 03:26:26 Europe/Berlin] Found 1 matching records
[10-Jun-2025 03:26:26 Europe/Berlin] Delete operation result: success
[10-Jun-2025 03:26:26 Europe/Berlin] Affected rows: 1
[10-Jun-2025 03:26:27 Europe/Berlin] POST data: Array
(
    [book_id] => 259
)

[10-Jun-2025 03:26:27 Europe/Berlin] Session data: Array
(
    [user_id] => 4
    [email] => alvin@nu.com
    [first_name] => Alvin
    [last_name] => Malabaguio
    [role] => user
    [avatar_url] => ../homepage/images/default_avatar.jpg
)

[10-Jun-2025 03:26:27 Europe/Berlin] Filtered book_id: 259
[10-Jun-2025 03:26:27 Europe/Berlin] Processing request for user_id: 4, book_id: 259
[10-Jun-2025 03:26:27 Europe/Berlin] Found 1 matching records
[10-Jun-2025 03:26:27 Europe/Berlin] Delete operation result: success
[10-Jun-2025 03:26:27 Europe/Berlin] Affected rows: 1
[10-Jun-2025 03:26:28 Europe/Berlin] POST data: Array
(
    [book_id] => 252
)

[10-Jun-2025 03:26:28 Europe/Berlin] Session data: Array
(
    [user_id] => 4
    [email] => alvin@nu.com
    [first_name] => Alvin
    [last_name] => Malabaguio
    [role] => user
    [avatar_url] => ../homepage/images/default_avatar.jpg
)

[10-Jun-2025 03:26:28 Europe/Berlin] Filtered book_id: 252
[10-Jun-2025 03:26:28 Europe/Berlin] Processing request for user_id: 4, book_id: 252
[10-Jun-2025 03:26:28 Europe/Berlin] Found 1 matching records
[10-Jun-2025 03:26:28 Europe/Berlin] Delete operation result: success
[10-Jun-2025 03:26:28 Europe/Berlin] Affected rows: 1
[10-Jun-2025 04:07:48 Europe/Berlin] POST data: Array
(
    [book_id] => 292
)

[10-Jun-2025 04:07:48 Europe/Berlin] Session data: Array
(
    [user_id] => 4
    [email] => alvin@nu.com
    [first_name] => Alvin
    [last_name] => Malabaguio
    [role] => user
    [avatar_url] => ../homepage/images/default_avatar.jpg
)

[10-Jun-2025 04:07:48 Europe/Berlin] Filtered book_id: 292
[10-Jun-2025 04:07:48 Europe/Berlin] Processing request for user_id: 4, book_id: 292
[10-Jun-2025 04:07:48 Europe/Berlin] Found 1 matching records
[10-Jun-2025 04:07:48 Europe/Berlin] Delete operation result: success
[10-Jun-2025 04:07:48 Europe/Berlin] Affected rows: 1
[10-Jun-2025 04:29:16 Europe/Berlin] POST data: Array
(
    [book_id] => 304
)

[10-Jun-2025 04:29:16 Europe/Berlin] Session data: Array
(
    [user_id] => 4
    [email] => alvin@nu.com
    [first_name] => Alvin
    [last_name] => Malabaguio
    [role] => user
    [avatar_url] => ../homepage/images/default_avatar.jpg
)

[10-Jun-2025 04:29:16 Europe/Berlin] Filtered book_id: 304
[10-Jun-2025 04:29:16 Europe/Berlin] Processing request for user_id: 4, book_id: 304
[10-Jun-2025 04:29:16 Europe/Berlin] Found 1 matching records
[10-Jun-2025 04:29:16 Europe/Berlin] Delete operation result: success
[10-Jun-2025 04:29:16 Europe/Berlin] Affected rows: 1
